101
0 0
1 0
1.41605 0.00381633
1.73494 0.00532037
2.00395 0.00716724
2.24152 0.00789229
2.45589 0.0093575
2.64983 0.0095276
2.83595 0.0103477
3.01387 0.0107759
3.18399 0.0128491
3.33739 0.0134733
3.47304 0.0141941
3.6096 0.0150272
3.74612 0.0154668
3.88049 0.0168838
4.00664 0.0172034
4.12393 0.0172425
4.23736 0.0177094
4.35344 0.0190462
4.46802 0.0189769
4.58205 0.0196318
4.68032 0.0208361
4.78314 0.0201736
4.88964 0.0211044
4.98672 0.0211585
5.08653 0.0218697
5.18355 0.0222115
5.28946 0.0222459
5.37654 0.0222596
5.4754 0.0226624
5.56961 0.0218414
5.66329 0.0222938
5.74736 0.0237411
5.83124 0.0235565
5.91821 0.0241781
5.99341 0.0248486
6.07095 0.0253407
6.1557 0.0250578
6.23949 0.0257814
6.32169 0.0268479
6.40359 0.0263844
6.48051 0.0266118
6.56049 0.0271225
6.63179 0.0280744
6.70946 0.0284219
6.7887 0.0285382
6.86051 0.0290212
6.93756 0.0295089
7.00471 0.0296227
7.08171 0.0299696
7.15099 0.0299033
7.22011 0.0297193
7.29249 0.0290953
7.35806 0.0304474
7.43149 0.0316779
7.50293 0.0314045
7.57335 0.0320943
7.64285 0.0310683
7.71216 0.0310649
7.77509 0.031
7.84451 0.0321005
7.90889 0.0315898
7.9646 0.0324095
8.02222 0.032242
8.08563 0.0326838
8.15339 0.0320327
8.21374 0.0320297
8.27105 0.0311835
8.33302 0.0303688
8.39502 0.0299803
8.45435 0.0306513
8.51657 0.0309054
8.57653 0.0310796
8.63028 0.0312087
8.68527 0.0314423
8.73841 0.0321229
8.79985 0.0320966
8.84564 0.0319539
8.88893 0.0328454
8.93978 0.0330883
8.98599 0.0327059
9.04451 0.0338803
9.10721 0.0334306
9.16377 0.0330402
9.21835 0.0335065
9.26484 0.0343792
9.31632 0.0347306
9.36698 0.0351622
9.40882 0.0347934
9.4598 0.034707
9.51335 0.0353731
9.55617 0.0362606
9.60811 0.036394
9.66177 0.0376089
9.7203 0.0376966
9.77702 0.0383288
9.8274 0.0381474
9.88035 0.0376063
9.92894 0.0384853
9.97665 0.0370096
