101
0 0
1 0
1.4135 0.00390599
1.72532 0.00618088
1.99999 0.00689694
2.23117 0.00832545
2.45031 0.00924408
2.64639 0.0105171
2.82839 0.0113697
3.00284 0.012312
3.16966 0.012412
3.32727 0.0122699
3.46646 0.0139347
3.61439 0.0147173
3.74821 0.0153408
3.88318 0.0159968
4.00845 0.0156218
4.13251 0.0155875
4.25173 0.0163081
4.37761 0.0174159
4.49892 0.0178011
4.61169 0.0185941
4.71556 0.0192349
4.81038 0.0201523
4.90483 0.0203918
5.00812 0.021207
5.10997 0.0210662
5.19956 0.0213012
5.29904 0.0208824
5.3945 0.0212165
5.48419 0.0225541
5.57148 0.0234295
5.66206 0.0245048
5.75635 0.0255151
5.84659 0.0255471
5.93005 0.0260917
6.01663 0.0256838
6.11051 0.0258265
6.1867 0.0263126
6.2653 0.0276696
6.3459 0.0274396
6.42342 0.0268336
6.49786 0.0266058
6.57022 0.0266834
6.65111 0.0265308
6.70475 0.0263748
6.78195 0.0263151
6.85886 0.026094
6.93663 0.0260613
7.00608 0.0256577
7.07767 0.0263822
7.14168 0.0267499
7.2102 0.0272618
7.27751 0.0276082
7.35199 0.0287743
7.43651 0.0292979
7.50589 0.0305067
7.56528 0.0309587
7.62849 0.0309326
7.68737 0.0309264
7.7444 0.0307154
7.80478 0.0312032
7.85844 0.0320148
7.9253 0.0328482
8.00064 0.0344102
8.0703 0.0346584
8.13414 0.0348007
8.18348 0.034031
8.25637 0.0339698
8.31122 0.0345486
8.37508 0.0342406
8.4371 0.0338431
8.49805 0.0339019
8.56466 0.0337283
8.63293 0.0345408
8.68878 0.0354593
8.7307 0.0357367
8.78525 0.0344863
8.83483 0.0355487
8.8858 0.0356407
8.94011 0.0351696
9.00646 0.0359931
9.05412 0.036515
9.11403 0.0367578
9.15718 0.0367114
9.21122 0.0375283
9.26353 0.0379352
9.32515 0.0379511
9.36976 0.0379342
9.42463 0.037562
9.4783 0.0388856
9.53131 0.0390867
9.5871 0.040693
9.63767 0.0411647
9.68707 0.0418232
9.7447 0.0417747
9.79938 0.0432637
9.84796 0.0433031
9.90167 0.0437267
9.95587 0.0432429
10.0053 0.0436381
