835.274
782.789
750.702
705.228
656.344
621.237
580.015
552.721
542.774
517.842
505.493
484.876
472.898
462.326
446.869
443.455
426.77
405.281
398.861
385.223
372.919
369.61
356.574
343.376
338.724
335.083
331.806
328.457
322.759
320.408
318.842
315.332
314.011
309.867
306.831
304.741
302.855
301.956
296.059
295.102
293.496
292.951
292.751
292.206
292.206
288.891
288.39
283.972
280.473
279.753
276
275.897
274.684
274.684
274.639
274.639
272.472
272.472
272.472
272.472
272.472
271.907
271.907
271.907
271.907
271.907
271.907
271.907
271.187
271.187
271.187
271.187
271.187
271.187
271.187
271.187
271.187
271.187
271.187
271.187
271.187
271.187
271.187
271.187
271.187
271.187
271.187
271.187
271.187
271.187
271.187
271.187
271.187
271.187
271.187
271.187
271.187
271.187
271.187
271.187
271.187
271.187
271.187
271.187
271.187
271.187
271.187
271.187
271.187
271.187
271.187
271.187
271.187
271.187
271.187
271.187
271.187
271.187
271.187
271.187
271.187
271.187
271.187
271.187
271.187
271.187
271.187
271.187
271.187
271.187
271.187
271.187
271.187
271.187
271.187
271.187
271.187
271.187
271.187
271.187
271.187
271.187
271.187
271.187
271.187
271.187
271.187
271.187
271.187
271.187
271.187
271.187
271.187
271.187
271.187
271.187
271.187
271.187
271.187
271.187
271.187
271.187
271.187
271.187
271.187
271.187
271.187
271.187
271.187
271.187
271.187
271.187
271.187
271.187
271.187
271.187
271.187
271.187
271.187
271.187
271.187
271.187
271.187
271.187
271.187
271.187
271.187
271.187
271.187
271.187
271.187
271.187
271.187
271.187
271.187
271.187
271.187
271.187
271.187
271.187
271.187
271.187
271.187
271.187
271.187
271.187
271.187
271.187
271.187
271.187
271.187
271.187
271.187
271.187
271.187
271.187
271.187
271.187
271.187
271.187
271.187
271.187
271.187
271.187
271.187
271.187
271.187
271.187
271.187
271.187
271.187
271.187
271.187
271.187
271.187
271.187
271.187
271.187
271.187
271.187
271.187
271.187
271.187
271.187
271.187
271.187
271.187
271.187
271.187
271.187
271.187
271.187
271.187
271.187
271.187
271.187
271.187
271.187
271.187
271.187
271.187
271.187
271.187
271.187
271.187
271.187
271.187
271.187
271.187
271.187
271.187
271.187
271.187
271.187
271.187
271.187
271.187
271.187
271.187
271.187
271.187
271.187
271.187
271.187
271.187
271.187
271.187
271.187
271.187
271.187
271.187
271.187
271.187
271.187
271.187
271.187
271.187
271.187
271.187
271.187
271.187
271.187
271.187
271.187
271.187
271.187
271.187
271.187
271.187
271.187
271.187
271.187
271.187
271.187
271.187
271.187
271.187
271.187
271.187
271.187
271.187
271.187
271.187
271.187
271.187
271.187
271.187
271.187
271.187
271.187
271.187
271.187
271.187
271.187
271.187
271.187
271.187
271.187
271.187
271.187
271.187
271.187
271.187
271.187
271.187
271.187
271.187
271.187
271.187
271.187
271.187
271.187
271.187
271.187
271.187
271.187
271.187
271.187
271.187
271.187
271.187
271.187
271.187
271.187
271.187
271.187
271.187
271.187
271.187
271.187
271.187
271.187
271.187
271.187
271.187
271.187
271.187
271.187
271.187
271.187
271.187
271.187
271.187
271.187
271.187
271.187
271.187
271.187
271.187
271.187
271.187
271.187
271.187
271.187
271.187
271.187
271.187
271.187
271.187
271.187
271.187
271.187
271.187
271.187
271.187
271.187
271.187
271.187
271.187
271.187
271.187
271.187
271.187
271.187
271.187
271.187
271.187
271.187
271.187
271.187
271.187
271.187
271.187
271.187
271.187
271.187
271.187
271.187
271.187
271.187
271.187
271.187
271.187
271.187
271.187
271.187
271.187
271.187
271.187
271.187
271.187
271.187
271.187
271.187
271.187
271.187
271.187
271.187
271.187
271.187
271.187
271.187
271.187
271.187
271.187
271.187
271.187
271.187
271.187
271.187
271.187
271.187
271.187
271.187
271.187
271.187
271.187
271.187
271.187
271.187
271.187
271.187
271.187
271.187
271.187
271.187
271.187
271.187
271.187
271.187
271.187
271.187
271.187
271.187
271.187
271.187
271.187
271.187
271.187
271.187
271.187
271.187
271.187
271.187
271.187
271.187
271.187
271.187
271.187
271.187
271.187
