0 1044.95 46.776
1 950.027 69.1632
2 855.34 53.9838
3 796.999 32.744
4 760.583 33.5924
5 713.643 37.5284
6 670.47 34.2258
7 624.064 32.3395
8 588.205 24.5365
9 564.635 18.9977
10 548.496 18.8399
11 531.215 17.8304
12 515.742 19.4682
13 499 19.3801
14 483.058 17.6283
15 472.134 17.2476
16 460.689 16.055
17 446.065 15.0194
18 432.577 16.6898
19 423.18 17.2554
20 408.839 17.0771
21 394.517 16.5552
22 383.794 14.0472
23 375.114 13.6061
24 364.58 14.8824
25 354.35 13.9676
26 345.863 11.0125
27 341.345 9.01451
28 340.843 10.8613
29 338.5 11.6833
30 335.282 12.9322
31 330.418 12.1559
32 325.369 10.7818
33 320.802 8.50278
34 317.111 7.08617
35 313.715 6.56948
36 310.329 6.28304
37 307.257 4.80123
38 306.397 5.36561
39 303.728 6.42312
40 300.951 6.61068
41 298.995 6.64637
42 296.987 5.68915
43 296.04 5.4184
44 294.794 4.42952
45 294.355 4.23965
46 294.704 6.09512
47 294.801 7.68249
48 292.945 7.97158
49 289.32 7.92916
50 286.192 7.71303
51 286.101 9.22501
52 284.783 10.4646
53 281.624 8.77169
54 279.057 7.09387
55 277.355 5.4473
56 276.776 4.72196
57 277.579 6.00521
58 277.953 7.58405
59 276.116 6.36666
60 275.329 5.62155
61 275.287 5.68449
62 273.955 3.8419
63 273.729 3.77337
64 273.449 3.63927
65 273.494 3.69467
66 273.066 3.06037
67 273.383 3.65423
68 273.661 4.07787
69 273.223 3.71348
70 272.757 3.42555
71 272.897 3.85891
72 273.435 4.82474
73 272.992 4.21598
74 272.874 4.14652
75 273.115 4.34377
76 273.244 4.59443
77 272.343 3.11122
78 272.597 3.57383
79 272.52 3.4433
80 272.737 3.79226
81 272.756 3.86519
82 272.505 3.46358
83 272.699 3.77337
84 272.32 3.16901
85 272.215 2.90389
86 272.585 3.52264
87 272.029 2.53893
88 272.312 3.1833
89 272.369 3.33024
90 272.043 2.63124
91 271.954 2.37231
92 272.569 3.68887
93 272.703 3.84781
94 272.87 4.17266
95 272.818 3.88227
96 271.945 2.25655
97 272.324 3.16689
98 272.385 3.29337
99 272.093 2.81108
100 272.196 2.99856
101 272.992 4.39145
102 272.776 3.95014
103 273.195 4.60344
104 273.121 4.48977
105 272.658 3.8382
106 272.846 4.18452
107 272.587 3.60061
108 272.614 3.74265
109 272.61 3.66509
110 272.507 3.44196
111 272.458 3.37914
112 272.31 3.16748
113 272.286 3.11877
114 272.254 3.02398
115 272.498 3.50359
116 271.942 2.40852
117 272.065 2.64638
118 272.039 2.72771
119 272.232 3.00471
120 272.529 3.44678
121 272.178 2.8462
122 272.148 2.79549
123 272.504 3.40809
124 271.932 2.30214
125 272.22 2.92374
126 272.249 3.03769
127 272.11 2.72011
128 272.248 3.10728
129 272.262 3.02526
130 272.376 3.20143
131 272.533 3.5225
132 272.681 3.80711
133 272.388 3.21152
134 272.621 3.63375
135 272.537 3.49962
136 273.094 4.44834
137 272.791 3.97534
138 272.66 3.73446
139 272.39 3.30063
140 272.324 3.14014
141 272.278 3.09377
142 272.345 3.08209
143 272.051 2.63603
144 272.295 2.99032
145 272.14 2.74737
146 271.992 2.49009
147 272.806 3.92242
148 273.062 4.25612
149 273.061 4.30673
150 272.583 3.54432
151 273.115 4.41296
152 272.338 3.1188
153 272.145 2.76959
154 272.386 3.24217
155 272.02 2.63661
156 272.628 3.71673
157 272.406 3.38806
158 272.333 3.24299
159 272.372 3.32045
160 272.396 3.23079
161 272.586 3.60439
162 272.599 3.60542
163 273.227 4.67771
164 272.831 4.06675
165 272.653 3.75115
166 272.415 3.30745
167 272.612 3.67132
168 272.719 3.78193
169 273.046 4.49737
170 272.833 4.06598
171 272.59 3.73963
172 273.263 4.68841
173 272.475 3.42317
174 271.958 2.5076
175 272.076 2.6993
176 272.69 3.83512
177 272.684 3.7902
178 272.57 3.51702
179 272.751 3.79949
180 272.767 3.87746
181 272.597 3.55761
182 272.119 2.66962
183 272.56 3.53391
184 272.319 3.11856
185 272.725 3.99013
186 273.51 5.18386
187 272.85 4.11446
188 272.972 4.2963
189 273.082 4.57374
190 272.599 3.67539
191 272.792 3.89767
192 272.646 3.69896
193 272.644 3.67912
194 272.785 3.93587
195 272.596 3.59205
196 272.093 2.69814
197 272.279 3.04793
198 272.979 4.2374
199 272.706 3.75576
200 272.679 3.7542
201 272.533 3.46426
202 272.584 3.48099
203 272.35 3.08759
204 272.397 3.12241
205 272.278 3.01441
206 272.018 2.54476
207 272.3 3.11651
208 272.326 3.12683
209 271.745 1.92913
210 272.221 2.91516
211 272.554 3.57337
212 273.048 4.4547
213 273.183 4.68867
214 273.186 4.61427
215 272.815 3.9663
216 272.521 3.4629
217 272.191 2.89746
218 272.612 3.5502
219 272.353 3.17498
220 272.593 3.6181
221 272.405 3.26125
222 272.469 3.32687
223 272.482 3.33399
224 272.345 3.16282
225 272.153 2.84307
226 272.188 2.90168
227 272.289 3.0527
228 272.418 3.34109
229 272.729 3.85806
230 272.71 3.82856
231 272.377 3.27279
232 272.462 3.34974
233 272.349 3.1403
234 272.829 3.90754
235 272.333 3.05481
236 272.659 3.7752
237 273.125 4.48892
238 272.798 4.00135
239 272.399 3.26716
240 272.355 3.25654
241 272.49 3.55949
242 272.661 3.74489
243 272.441 3.30533
244 272.352 3.12348
245 272.113 2.70727
246 272.364 3.24633
247 272.588 3.63292
248 272.504 3.50445
249 272.85 3.99607
250 272.591 3.7105
251 272.794 3.91495
252 273.424 4.99712
253 273.184 4.54167
254 273.218 4.44242
255 273.234 4.56817
256 273.168 4.45975
257 272.812 3.95187
258 272.978 4.24958
259 272.915 4.28711
260 273.11 4.59059
261 272.512 3.37054
262 272.309 3.05692
263 272.024 2.55206
264 272.549 3.46531
265 273.005 4.20076
266 272.258 3.07386
267 271.994 2.44653
268 271.855 2.12442
269 272.519 3.3847
270 272.486 3.44088
271 272.443 3.26785
272 273.056 4.31045
273 272.799 4.02075
274 273.27 4.80036
275 273.449 5.11476
276 272.197 2.96811
277 272.454 3.44758
278 272.645 3.61382
279 272.543 3.42877
280 272.146 2.7331
281 272.052 2.60842
282 272.765 3.81348
283 272.326 3.1284
284 271.97 2.46064
285 271.974 2.46433
286 272.576 3.54637
287 273.275 4.65168
288 273.039 4.242
289 272.758 3.7882
290 272.778 3.84756
291 272.751 3.84034
292 272.628 3.60576
293 272.75 3.86104
294 272.903 4.05892
295 272.632 3.64054
296 272.732 3.89575
297 272.819 3.97173
298 272.619 3.64623
299 272.394 3.32083
300 272.109 2.64706
301 271.923 2.30346
302 271.923 2.39704
303 272.006 2.53745
304 272.833 3.99431
305 272.722 3.81891
306 272.519 3.39472
307 272.658 3.56003
308 272.497 3.40117
309 272.548 3.57731
310 272.547 3.58136
311 272.232 2.9586
312 272.287 2.99619
313 272.106 2.66958
314 272.256 2.93716
315 272.303 3.12166
316 272.633 3.65057
317 272.427 3.32809
318 272.197 2.87325
319 272.022 2.54635
320 272.033 2.64568
321 272.273 2.9959
322 272.386 3.24371
323 272.657 3.68913
324 273.088 4.37968
325 273.026 4.3153
326 272.507 3.50231
327 272.53 3.55591
328 272.529 3.54199
329 272.467 3.52396
330 272.925 4.29155
331 273.074 4.53317
332 273.492 4.94337
333 273.548 5.15404
334 273.402 5.05672
335 273.182 4.67294
336 272.718 3.96253
337 272.641 3.84297
338 273.301 4.8094
339 272.894 4.00856
340 273.272 4.69446
341 273.179 4.5717
342 273.119 4.50703
343 272.852 4.04966
344 272.434 3.33323
345 272.281 3.06053
346 272.376 3.21298
347 272.957 4.23407
348 272.843 4.06478
349 272.767 3.81223
350 272.613 3.66186
351 272.282 3.02572
352 272.26 2.90744
353 272.43 3.32757
354 272.874 4.00444
355 272.591 3.58791
356 272.061 2.62132
357 272.728 3.85447
358 272.547 3.55046
359 272.851 4.16928
360 272.234 3.01871
361 272.273 3.10923
362 272.409 3.32201
363 272.267 2.99444
364 271.967 2.43264
365 272.619 3.54223
366 272.989 4.34201
367 272.529 3.44679
368 272.691 3.7963
369 272.632 3.745
370 272.42 3.39964
371 272.495 3.42269
372 272.374 3.26283
373 272.272 3.13318
374 272.633 3.67477
375 271.761 2.0287
376 272.203 2.88942
377 272.782 3.77881
378 272.185 2.8621
379 272.472 3.32289
380 272.205 2.93679
381 272.077 2.71561
382 272.518 3.47577
383 272.668 3.77505
384 272.622 3.76893
385 272.944 4.25174
386 272.266 3.07609
387 272.432 3.28385
388 272.319 3.10012
389 271.758 1.97788
390 272.112 2.7147
391 272.369 3.22437
392 272.526 3.39291
393 272.511 3.32668
394 272.359 3.09695
395 272.897 4.03662
396 272.679 3.66676
397 272.731 3.7208
398 272.604 3.61142
399 272.208 2.87514
400 273.005 4.49095
401 272.573 3.58714
402 271.922 2.35661
403 272.068 2.64175
404 272.336 3.21495
405 272.824 4.05853
406 272.418 3.2768
407 272.522 3.43289
408 272.796 3.93744
409 273.129 4.46365
410 273.776 5.62083
411 273.304 4.81137
412 272.906 4.13984
413 272.306 3.0799
414 272.923 4.10905
415 273.068 4.40098
416 272.897 4.21784
417 272.8 3.99211
418 272.441 3.41692
419 272.26 2.9914
420 272.427 3.25235
421 272.168 2.84131
422 272.366 3.24765
423 272.873 4.11544
424 272.939 4.08726
425 272.392 3.17046
426 272.693 3.72783
427 272.402 3.28761
428 272.743 3.78522
429 272.642 3.658
430 272.334 3.14302
431 272.572 3.63493
432 273.254 4.71362
433 272.793 3.88533
434 272.803 3.99959
435 272.326 3.27447
436 272.823 4.23135
437 272.275 3.03278
438 272.345 3.17423
439 272.418 3.27681
440 273.111 4.35322
441 273.508 4.90176
442 273.342 4.83983
443 272.611 3.59493
444 272.51 3.46412
445 272.678 3.82171
446 272.311 3.08569
447 272.386 3.13625
448 272.63 3.51239
449 272.467 3.31453
450 272.387 3.21115
451 272.442 3.25664
452 272.081 2.73675
453 272.297 3.13204
454 272.64 3.62146
455 272.192 2.89931
456 272.041 2.62012
457 272.369 3.22139
458 272.822 3.97237
459 272.476 3.37203
460 272.394 3.21967
461 272.572 3.55961
462 272.7 3.72436
463 272.176 2.7602
464 272.51 3.47784
465 272.594 3.67098
466 272.274 3.02205
467 272.948 4.15733
468 272.354 3.17039
469 271.973 2.41439
470 272.005 2.5405
471 272.287 3.05706
472 271.989 2.53315
473 272.346 3.14559
474 272.752 3.88632
475 272.791 3.90481
476 272.567 3.62473
477 272.696 3.85757
478 272.939 4.34347
479 272.878 4.11498
480 272.887 4.08
481 272.942 4.22612
482 272.447 3.46307
483 272.645 3.77478
484 272.368 3.39464
485 272.659 3.88313
486 272.878 4.11531
487 273.006 4.32234
488 273.079 4.40667
489 272.564 3.52144
490 272.238 2.94579
491 271.926 2.3872
492 272.148 2.78952
493 271.877 2.29388
494 272.284 2.97478
495 272.731 3.77031
496 272.796 3.99038
497 272.941 4.34569
498 272.341 3.22772
499 272.547 3.58796
