0.5  0.670733  0.0260902
1.5  0.542825  0.019617
2.5  0.549537  0.024759
3.5  0.540481  0.0216482
4.5  0.521879  0.0242409
5.5  0.603713  0.0255835
6.5  0.543534  0.0275115
7.5  0.552934  0.0283495
8.5  0.574506  0.0254327
9.5  0.620447  0.0222196
10.5  0.63492  0.0296181
11.5  0.660698  0.0251046
12.5  0.712477  0.0169053
13.5  0.619308  0.0251522
14.5  0.656112  0.0248034
15.5  0.683496  0.0229119
16.5  0.695926  0.0207048
17.5  0.735176  0.0181881
18.5  0.695489  0.0261903
19.5  0.695425  0.024271
20.5  0.742279  0.0216417
21.5  0.771558  0.0101284
22.5  0.733358  0.0154128
23.5  0.773627  0.00793493
24.5  0.700441  0.0268105
25.5  0.753367  0.017272
26.5  0.777043  0.00900649
27.5  0.777131  0.00738874
28.5  0.782701  0.0101294
29.5  0.786313  0.0126158
30.5  0.78501  0.00770859
31.5  0.721457  0.0223828
32.5  0.782914  0.00823731
33.5  0.741832  0.0222592
34.5  0.811737  0.0085097
35.5  0.779571  0.0090311
36.5  0.802624  0.00565785
37.5  0.798828  0.00452701
38.5  0.796124  0.00956084
39.5  0.767196  0.0120003
40.5  0.762077  0.0157176
41.5  0.799217  0.00631561
42.5  0.799105  0.00774071
43.5  0.784676  0.00801506
44.5  0.818048  0.00688767
45.5  0.762889  0.00711787
46.5  0.797839  0.00948066
47.5  0.769353  0.00708852
48.5  0.786997  0.00716838
49.5  0.784996  0.00886654
