100 100
1.11494 0
1.01763 0.0973086
1.00011 0.0588486
1.11059 0.118052
1.01911 0.129342
1.04817 0.109532
1.06585 0.0942442
1.06172 0.0817223
1.03731 0.0760933
1.02195 0.0697704
1.03 0.0636207
1.0348 0.0582751
1.02062 0.0554491
1.03452 0.0531855
1.06704 0.0592382
1.06561 0.0554307
1.08224 0.0546571
1.06817 0.0534179
1.08486 0.0532154
1.07579 0.0512939
1.09271 0.0516422
1.08281 0.0502247
1.07668 0.0483817
1.07112 0.046654
1.05673 0.0470063
1.04586 0.0464509
1.04877 0.0447917
1.0545 0.043542
1.05435 0.0420141
1.04551 0.041541
1.05629 0.0416001
1.05438 0.0403245
1.04804 0.0395929
1.05011 0.038466
1.05883 0.038356
1.05644 0.0373518
1.05638 0.0363283
1.05485 0.0353923
1.05506 0.0344734
1.05422 0.0336109
1.04985 0.0330709
1.04666 0.0324311
1.04232 0.031965
1.03814 0.0315079
1.03492 0.0309674
1.03667 0.0303372
1.04058 0.0299405
1.0462 0.0298448
1.0441 0.029305
1.04373 0.0287153
1.04562 0.0282102
1.04112 0.0280267
1.03815 0.0276524
1.03783 0.0271374
1.03178 0.0273186
1.0326 0.0268389
1.041 0.0276693
1.03782 0.0273738
1.03659 0.0269339
1.0344 0.0265719
1.04046 0.026828
1.03931 0.0264169
1.03548 0.0262746
1.03094 0.0262573
1.03088 0.0258503
1.03072 0.0254561
1.02864 0.0251595
1.02928 0.0247948
1.02917 0.0244331
1.02537 0.0243803
1.02654 0.0240631
1.02279 0.0240205
1.02013 0.0238384
1.01977 0.0235168
1.01754 0.0233076
1.02069 0.0232141
1.0245 0.0232241
1.02172 0.0230925
1.02093 0.0228118
1.02121 0.0225266
1.02543 0.0226422
1.02135 0.022733
1.02095 0.022461
1.01815 0.0223681
1.017 0.0221332
1.02009 0.0220915
1.01636 0.0221516
1.01561 0.0219113
1.01371 0.0217469
1.01348 0.0215051
1.01521 0.0213376
1.01346 0.0211769
1.01227 0.0209814
1.01329 0.0207817
1.01191 0.0206077
1.0091 0.0205844
1.00784 0.0204098
1.00779 0.0202006
1.00586 0.0200882
1.0059 0.0198863
