100 100
1.0448 0
1.03148 0.0133132
1.01051 0.0223342
0.998551 0.0198112
0.998003 0.0153555
1.00561 0.0146644
0.996997 0.0150922
1.0003 0.0134824
0.99858 0.0120148
1.0057 0.0128914
1.00306 0.0119562
1.00521 0.0111245
1.00715 0.0104157
1.00498 0.00988399
1.00402 0.00925153
1.00578 0.00883088
1.00246 0.0089368
1.00812 0.0101514
1.00702 0.00966451
1.00838 0.0092689
1.00561 0.0092423
1.00617 0.00882984
1.00688 0.00846693
1.00539 0.00824206
1.01026 0.00928396
1.00997 0.00892419
1.00621 0.00937713
1.00719 0.00908957
1.00501 0.00903788
1.00639 0.00884041
1.00916 0.00898604
1.00971 0.00871797
1.00883 0.00849521
1.00965 0.00828235
1.01104 0.00816165
1.01175 0.00796313
1.01074 0.00781045
1.01081 0.00760249
1.0108 0.00740499
1.01014 0.00724741
1.00916 0.00713646
1.00916 0.00696447
1.00691 0.00716419
1.00632 0.00702393
1.00646 0.00686752
1.00409 0.00712226
1.00483 0.00700782
1.00614 0.00698423
1.00568 0.0068553
1.00467 0.00679221
1.00399 0.00669241
1.00278 0.00667423
1.00054 0.0069192
1.00017 0.00679968
1.00102 0.00672873
1.00205 0.00668647
1.00326 0.0066796
1.00277 0.00658201
1.00198 0.00651773
1.00142 0.00643199
1.00004 0.00647521
1.00101 0.00644277
1.00097 0.00633978
1.00044 0.00626252
1.00054 0.00616622
0.999981 0.0060975
0.999726 0.0060112
0.997647 0.00627655
0.997295 0.00619489
0.998046 0.00615172
0.997805 0.00606923
0.997186 0.00601627
0.997599 0.00594759
0.996844 0.00591508
0.996454 0.00584866
0.997474 0.00586064
0.99781 0.00579376
0.997832 0.00571904
0.998057 0.00565065
0.998808 0.00562996
0.998994 0.0055631
0.998948 0.00549503
0.999376 0.00544527
1.00017 0.00543906
1.00086 0.0054177
1.00191 0.00545728
1.0022 0.00540209
1.00164 0.00536961
1.00251 0.00537926
1.00232 0.00532274
1.0015 0.0053273
1.00193 0.00528652
1.00188 0.00522958
1.00111 0.00523067
1.00099 0.0051766
1.00178 0.0051829
1.00188 0.00513022
1.00159 0.00508621
1.00227 0.00507981
1.00128 0.00512447
