100 100
0.99478 0
0.998501 0.00372172
1.00233 0.0043875
1.00151 0.00320687
1.00511 0.00437295
1.00563 0.00360803
0.999421 0.00691973
1.00129 0.00627771
1.00164 0.00554746
1.00363 0.00534674
1.00321 0.00485522
1.00231 0.00452164
1.00354 0.00433766
1.00367 0.00401801
1.0026 0.00389078
1.00212 0.00367068
1.00195 0.00345244
1.00179 0.00325872
1.00135 0.0031143
1.0018 0.0029882
1.00142 0.00286769
1.00175 0.00275488
1.00218 0.00266663
1.00266 0.00259902
1.00354 0.00264292
1.00392 0.00256759
1.0037 0.002481
1.00335 0.00241595
1.00299 0.00235835
1.00292 0.00227943
1.00188 0.00243696
1.00159 0.00237742
1.00116 0.00234459
1.00042 0.00239308
0.999879 0.0023851
0.99975 0.00232147
0.999753 0.00225786
0.999979 0.00220915
0.999685 0.00217173
0.999807 0.00212027
0.999794 0.00206795
0.999764 0.00201834
0.999725 0.00197122
0.99984 0.00192934
0.999752 0.00188804
0.999602 0.00185264
0.999057 0.00189291
0.999076 0.00185316
0.999298 0.00182845
0.999394 0.00179405
0.999497 0.00176158
0.999802 0.00175394
0.999973 0.00172909
1.00004 0.0016982
1.00046 0.00171847
1.00035 0.00169126
1.00071 0.00170143
1.00064 0.00167358
1.00029 0.00168078
1.00021 0.00165444
0.999785 0.00168274
0.999964 0.00166507
1.0003 0.00167239
1.00028 0.00164621
1.00036 0.0016227
1.00046 0.00160113
1.00021 0.00159632
1.00017 0.00157328
1.00001 0.00155802
1.00029 0.00155966
1.00057 0.0015644
1.00075 0.00155243
1.00071 0.00153146
1.00073 0.00151073
1.00085 0.00149541
1.00074 0.00147948
1.00045 0.00149003
1.00034 0.00147445
1.00039 0.00145648
1.00031 0.00144052
1.00042 0.00142719
1.00057 0.00141717
1.00075 0.00141118
1.00084 0.00139757
1.00069 0.00138972
1.00045 0.00139451
1.00054 0.00138187
1.00052 0.00136629
1.00063 0.00135561
1.00079 0.0013494
1.00071 0.00133672
1.00063 0.00132445
1.00059 0.00131079
1.00057 0.00129691
1.0004 0.00129474
1.00065 0.00130621
1.00057 0.00129535
1.00047 0.00128614
1.00064 0.0012851
1.0005 0.00128077
