0.415213   0.490692   0.402841
-0.220068   -0.0540958   -0.488232
-0.0601874   0.0122977   0.104288
0.0632572   0.296229   0.334516
0.196688   -0.222863   0.276233
0.283527   0.0236919   -0.242825
-0.156882   -0.132713   -0.228807
-0.171182   -0.0786605   -0.0823209
-0.00150293   -0.00418956   -0.291221
-0.19299   -0.231147   -0.314303
-0.00449597   -0.142131   0.290321
0.298282   0.426658   0.474259
-0.360767   0.21256   0.0351582
0.383862   -0.123928   -0.0972555
-0.490121   0.337907   -0.454066
-0.00547199   0.0277594   -0.0817766
-0.296296   0.463812   0.189106
0.263334   -0.25327   0.400698
-0.383302   0.219236   -0.203589
0.335852   -0.268217   -0.407298
0.118004   -0.169318   -0.290712
-0.386793   -0.106841   -0.136096
0.215643   0.416165   0.431096
-0.196626   -0.404839   -0.230107
-0.35724   -0.0485426   -0.224622
0.149968   0.400987   -0.0852244
0.0295099   0.155563   0.0640377
-0.286241   -0.233861   -0.197491
-0.386916   -0.116264   -0.235013
0.276542   0.163101   -0.114985
-0.405233   -0.473663   0.417497
-0.0739748   0.318351   -0.163069
-0.0172862   -0.301602   0.276759
-0.333931   0.381365   -0.364731
-0.364222   -0.279933   -0.282829
-0.478987   -0.23399   0.375564
0.140999   -0.318503   -0.178457
-0.228281   0.496657   -0.232128
0.119283   -0.210808   -0.496475
0.49739   -0.119048   -0.17977
0.153511   -0.449097   0.362519
0.268733   -0.11254   -0.409512
0.0608582   -0.335165   -0.205041
-0.382047   -0.0161174   -0.458039
-0.263107   -0.0808763   0.0138106
-0.117663   0.0307334   0.189696
-0.113871   -0.158398   0.0584359
-0.135254   -0.357358   0.0130675
0.186827   -0.258343   -0.366694
-0.431767   0.229732   -0.0787152
0.491163   -0.201033   -0.158348
0.411617   0.116285   0.472156
-0.212979   -0.171902   -0.18628
0.240037   -0.262176   -0.243953
0.0615355   -0.470945   0.351094
-0.232879   -0.0448149   0.111888
0.492475   0.121938   0.409921
0.45377   -0.486207   -0.187847
0.312681   -0.33599   -0.0105686
0.390574   0.488276   0.142292
-0.0987668   -0.0491151   -0.354552
-0.320395   0.19844   -0.107633
-0.483972   0.180402   -0.293678
-0.356636   -0.27747   0.354908
0.240643   -0.313756   0.121645
-0.353852   0.278845   -0.132911
0.0568772   -0.201169   0.268386
-0.448744   0.158872   -0.3891
-0.428453   0.240108   0.0658797
-0.347693   -0.42329   -0.1074
0.494349   -0.417023   0.437649
-0.250523   0.265518   -0.111579
0.143725   -0.413098   -0.238816
0.00706019   -0.026068   0.251797
-0.360006   -0.217929   0.40645
-0.493101   0.221539   -0.42011
-0.0448898   -0.204256   0.239564
0.0740834   -0.318314   0.248681
-0.355395   -0.197382   -0.353567
0.439196   -0.436029   -0.264467
0.476871   -0.273457   -0.14744
0.484926   -0.124063   -0.26131
0.242387   0.0396263   0.252726
0.393996   0.0970117   -0.269276
-0.436146   -0.311291   0.389821
0.220305   -0.146399   -0.350555
0.480885   -0.153759   -0.33383
-0.334038   0.203537   0.126927
0.0118689   0.399154   0.306967
0.187931   -0.382255   -0.17743
-0.213954   0.0733565   -0.0849692
0.458845   0.191846   -0.362792
0.16091   -0.291664   -0.261886
0.0996665   -0.198601   0.38563
-0.343587   -0.111073   -0.406505
-0.354654   0.319358   -0.287135
0.483994   0.49837   0.493313
-0.0207109   0.194083   0.31168
0.223438   -0.337835   -0.257441
-0.399989   0.253399   -0.329414
-0.198855   0.0886138   -0.156108
-0.34642   -0.111796   -0.0214242
-0.17315   -0.311882   0.0778063
0.337927   -0.0281841   0.349792
0.310492   0.153159   0.117596
-0.137999   -0.454558   0.129759
-0.379746   -0.106764   0.491781
0.088986   0.222679   0.0636044
