-1.33072   0.476351   -0.285839
0.531123   2.30937   0.0126546
-0.604033   0.425623   2.12207
-2.54119   1.16895   0.442501
1.03594   0.848678   -0.386311
-0.303034   1.47178   -0.428928
-1.00444   -1.08082   0.134267
-1.38601   0.619572   0.189818
-0.394445   -1.71984   -1.48568
-2.04168   0.458212   0.652243
-0.658531   1.28939   2.32542
-0.53478   0.471969   0.469706
0.194184   0.986957   0.168141
2.01984   -0.308087   0.847173
-0.0645947   0.100502   -0.643593
1.26472   -1.18065   -1.23086
0.291832   -1.04598   0.894261
1.41593   -1.94159   0.681858
1.58923   1.14011   -1.63055
-0.112992   2.64942   0.0900312
1.13427   -0.178917   -0.0592184
0.165782   0.383465   -0.5738
0.37652   -0.671611   -1.25241
-0.173251   0.567855   0.919588
-1.4144   0.416304   -0.479
0.116857   -1.5517   0.35626
-0.415509   0.41088   0.0323042
0.615107   1.16759   -1.03125
-0.216952   0.461143   -0.561898
0.916067   1.93952   1.60038
-0.284671   0.540527   -1.69135
-0.60681   -0.738064   -1.57966
0.122803   -0.356489   -0.396309
-0.359311   -2.7493   0.480714
0.760291   0.558707   -0.0390397
0.884574   0.345363   0.0857669
-0.00830684   2.0408   0.773432
-1.24056   1.35087   -1.15634
0.941198   -0.122924   -0.117275
1.44403   -1.43485   -0.800188
0.727585   0.750243   -0.365152
-0.827951   0.402649   -0.786552
-0.520227   0.84941   0.847157
-0.542137   0.664542   0.936646
-0.74999   -1.62682   0.696972
0.0518588   0.576814   1.03222
-0.289727   0.0861075   0.800328
0.879882   2.06838   -0.538458
0.865927   0.392405   2.3133
0.95968   -2.21258   0.0626653
1.0566   -0.474469   1.48777
-0.18274   -1.53843   0.359663
2.07682   0.0792208   1.00866
-0.50775   -0.505484   -1.66712
1.02629   -0.283467   0.561546
-1.48301   -0.754822   0.149421
0.109384   -1.07773   0.0614835
0.127222   1.08663   1.20832
2.36564   -0.660953   -1.00975
-0.134042   -2.42705   -0.683779
1.30552   -1.89024   -1.06837
-5.31714e-05   0.842747   -1.50412
-1.79662   0.20018   -2.07091
-1.1878   1.13826   0.275757
1.56125   0.355873   0.791408
1.17142   2.53166   -0.448464
-0.0212413   -0.734719   -0.704539
-0.927838   2.33708   0.530622
-1.23291   -1.85646   0.923461
0.434948   0.980591   1.10366
0.163477   0.107984   0.470243
-0.351862   -1.16913   0.0485403
-0.855707   -1.77362   -0.38285
1.62518   -1.9654   0.47308
1.38584   -0.123017   1.62002
-0.974099   -2.12916   -0.0664164
-0.957747   0.159647   -0.813432
0.688435   -1.03427   1.48811
-0.585145   -0.49011   -2.34414
0.350552   -0.295857   0.10725
1.30821   -0.304169   -1.11099
2.12098   0.518446   -0.17568
-0.357454   -1.16582   -2.59512
-0.592455   1.08115   -0.285919
-0.467199   1.60948   1.07713
-1.06728   0.0788204   0.0455175
-0.418038   -1.24197   -0.557801
-3.68643   -0.269579   0.0256875
-1.05772   -0.342962   -0.217719
-0.995022   0.999346   0.753443
-0.276903   -1.11661   -0.331743
2.02422   -0.288164   -0.881281
2.10266   -0.607746   -0.295744
-0.262809   -0.169866   0.653792
-0.598241   -1.80649   1.77434
-2.00874   -0.118774   -1.18024
-0.295048   -1.8818   2.55395
-1.56926   -0.798066   -0.793731
0.119069   2.65719   0.216004
1.84143   2.08178   1.8149
-0.797152   -1.48078   0.731086
-0.377598   0.873235   -2.2071
2.13415   0.00275036   -1.07642
-0.239535   0.302787   -0.00483444
-1.15181   -0.532872   -0.456516
-1.7175   0.273736   0.0559388
2.61675   -0.308785   0.453468
-1.26022   1.85003   -0.337768
