0.5  2.59977  0.204672
1.5  1.10402  0.0516601
2.5  0.897065  0.0461057
3.5  0.730761  0.027816
4.5  0.660751  0.0139174
5.5  0.636851  0.0218944
6.5  0.608483  0.0149421
7.5  0.603726  0.0148132
8.5  0.572243  0.00728907
9.5  0.580261  0.00926069
10.5  0.569267  0.00737308
11.5  0.566424  0.00716024
12.5  0.540692  0.00252476
13.5  0.554281  0.00824136
14.5  0.545044  0.00766554
15.5  0.53551  0.00336986
16.5  0.537417  0.00361394
17.5  0.536986  0.00387856
18.5  0.530943  0.00318705
19.5  0.532683  0.00283736
20.5  0.527591  0.00226819
21.5  0.52801  0.00358429
22.5  0.524238  0.00213518
23.5  0.530259  0.00278309
24.5  0.522533  0.00216273
25.5  0.526761  0.00250033
26.5  0.518447  0.00166054
27.5  0.523554  0.00250773
28.5  0.520534  0.00238786
29.5  0.519605  0.00191145
30.5  0.520851  0.00249833
31.5  0.517378  0.00151283
32.5  0.515467  0.0015776
33.5  0.514453  0.0012812
34.5  0.515282  0.00156068
35.5  0.512985  0.000962366
36.5  0.517352  0.00219927
37.5  0.51436  0.00187817
38.5  0.514304  0.00136652
39.5  0.515801  0.00135823
40.5  0.512991  0.00145982
41.5  0.515566  0.00215574
42.5  0.513972  0.00163512
43.5  0.511721  0.00117826
44.5  0.514171  0.00155576
45.5  0.513125  0.00117348
46.5  0.511688  0.00114658
47.5  0.510678  0.000948021
48.5  0.511424  0.00132707
49.5  0.510191  0.000997169
