0.5  1.26097  0.0602091
1.5  0.780551  0.0414354
2.5  0.631904  0.0417619
3.5  0.580929  0.0284071
4.5  0.505451  0.026911
5.5  0.443436  0.0286377
6.5  0.468611  0.0205431
7.5  0.465042  0.0279437
8.5  0.4272  0.0255418
9.5  0.497942  0.0260049
10.5  0.437201  0.0229578
11.5  0.428443  0.0264682
12.5  0.367062  0.0203957
13.5  0.385692  0.0244461
14.5  0.363863  0.0249026
15.5  0.420209  0.021285
16.5  0.42089  0.0236066
17.5  0.398831  0.0238976
18.5  0.419678  0.0223756
19.5  0.362302  0.0205097
20.5  0.385141  0.0254168
21.5  0.359798  0.0224841
22.5  0.341806  0.0197869
23.5  0.401075  0.0219642
24.5  0.324502  0.0224672
25.5  0.386885  0.0243025
26.5  0.336692  0.0237704
27.5  0.396978  0.0243009
28.5  0.392747  0.0207241
29.5  0.333199  0.0245953
30.5  0.341177  0.0240627
31.5  0.319413  0.0224106
32.5  0.310062  0.0210824
33.5  0.329004  0.0237279
34.5  0.335865  0.0231174
35.5  0.316589  0.0242615
36.5  0.395154  0.0253714
37.5  0.387405  0.0217711
38.5  0.372603  0.0219468
39.5  0.365689  0.0229838
40.5  0.303852  0.0247085
41.5  0.316813  0.0222251
42.5  0.317169  0.0248007
43.5  0.373928  0.0228687
44.5  0.416198  0.0233224
45.5  0.34701  0.02375
46.5  0.285432  0.0212472
47.5  0.337645  0.0241729
48.5  0.268513  0.0236097
49.5  0.318725  0.0263176
