0.5  2.18381  0.142155
1.5  1.44283  0.0569149
2.5  1.26439  0.0591331
3.5  1.16744  0.0425539
4.5  1.12549  0.0340218
5.5  1.07183  0.0411802
6.5  1.01247  0.0317071
7.5  1.00782  0.0337586
8.5  0.997102  0.0215111
9.5  0.947103  0.0215027
10.5  1.00189  0.0272884
11.5  1.00357  0.0273388
12.5  0.934805  0.020269
13.5  1.00681  0.0271929
14.5  0.975701  0.0235482
15.5  0.942807  0.0196147
16.5  0.9536  0.0196509
17.5  0.950997  0.0195816
18.5  0.913603  0.0181017
19.5  0.976355  0.0177961
20.5  0.946877  0.0170033
21.5  0.948288  0.0198199
22.5  0.956689  0.0161373
23.5  0.980237  0.0200706
24.5  0.972296  0.016422
25.5  0.921042  0.0179901
26.5  0.935236  0.015246
27.5  0.930388  0.0138696
28.5  0.930514  0.0179986
29.5  0.975303  0.018158
30.5  0.942105  0.0177404
31.5  0.957175  0.018129
32.5  0.958373  0.0137948
33.5  0.941573  0.0113904
34.5  0.947682  0.0166895
35.5  0.945295  0.0151147
36.5  0.925333  0.0141561
37.5  0.929716  0.0134019
38.5  0.924258  0.0153283
39.5  0.942515  0.0176492
40.5  0.949722  0.0142121
41.5  0.967223  0.0136927
42.5  0.952037  0.0161321
43.5  0.9125  0.0153139
44.5  0.888921  0.0156749
45.5  0.923013  0.0157061
46.5  0.953794  0.0113504
47.5  0.912579  0.0135432
48.5  0.951584  0.0127466
49.5  0.933903  0.0142447
