30.4645
28.7449
25.8966
24.3168
22.3992
19.9193
19.7078
18.8749
18.1066
17.3745
17.0707
16.1311
14.4979
14.3372
14.1586
12.4624
11.3386
11.3386
11.1955
9.88754
9.64162
9.22286
9.11743
8.91755
8.89338
7.74074
7.74074
7.43543
7.01663
7.01663
6.98276
6.96529
6.96529
6.72739
6.67587
6.67587
6.67587
6.67587
6.67587
6.67587
6.67587
6.67587
6.64252
6.64252
6.64252
6.62264
6.62264
6.51441
6.51441
6.51441
6.51441
6.51441
6.51441
6.51441
6.51441
6.51441
6.51441
6.51441
6.49263
6.49185
6.49185
6.49185
6.49185
6.49185
6.49185
6.49185
6.49185
6.49185
6.49185
6.49185
6.49185
6.49185
6.49185
6.49185
6.49185
6.49185
6.49185
6.49185
6.49185
6.49185
6.49185
6.49185
6.49185
6.49185
6.49185
6.49185
6.49185
6.49185
6.49185
6.49185
6.49185
6.49185
6.49185
6.49185
6.49185
6.49185
6.49185
6.49185
6.49185
6.49185
6.49185
6.49185
6.49185
6.49185
6.49185
6.49185
6.49185
6.49185
6.49185
6.49185
6.49185
6.49185
6.49185
6.49185
6.49185
6.49185
6.49185
6.49185
6.49185
6.49185
6.49185
6.49185
6.49185
6.49185
6.49185
6.49185
6.49185
6.49185
6.49185
6.49185
6.49185
6.49185
6.49185
6.49185
6.49185
6.49185
6.49185
6.49185
6.49185
6.49185
6.49185
6.49185
6.49185
6.49185
6.49185
6.49185
6.49185
6.49185
6.49185
6.49185
6.49185
6.49185
6.49185
6.49185
6.49185
6.49185
6.49185
6.49185
6.49185
6.49185
6.49185
6.49185
6.49185
6.49185
6.49185
6.49185
6.49185
6.49185
6.49185
6.49185
6.49185
6.49185
6.49185
6.49185
6.49185
6.49185
6.49185
6.49185
6.49185
6.49185
6.49185
6.49185
6.49185
6.49185
6.49185
6.49185
6.49185
6.49185
6.49185
6.49185
6.49185
6.49185
6.49185
6.49185
6.49185
6.49185
6.49185
6.49185
6.49185
6.49185
6.49185
6.49185
6.49185
6.49185
6.49185
6.49185
6.49185
6.49185
6.49185
6.49185
6.49185
6.49185
6.49185
6.49185
6.49185
6.49185
6.49185
6.49185
6.49185
6.49185
6.49185
6.49185
6.49185
6.49185
6.49185
6.49185
6.49185
6.49185
6.49185
6.49185
6.49185
6.49185
6.49185
6.49185
6.49185
6.49185
6.49185
6.49185
6.49185
6.49185
6.49185
6.49185
6.49185
6.49185
6.49185
6.49185
6.49185
6.49185
6.49185
6.49185
6.49185
6.49185
6.49185
6.49185
6.49185
6.49185
6.49185
6.49185
6.49185
6.49185
6.49185
6.49185
6.49185
6.49185
6.49185
6.49185
6.49185
6.49185
6.49185
6.49185
6.49185
6.49185
6.49185
6.49185
6.49185
6.49185
6.49185
6.49185
6.49185
6.49185
6.49185
6.49185
6.49185
6.49185
6.49185
6.49185
6.49185
6.49185
6.49185
6.49185
6.49185
6.49185
6.49185
6.49185
6.49185
6.49185
6.49185
6.49185
6.49185
6.49185
6.49185
6.49185
6.49185
6.49185
6.49185
6.49185
6.49185
6.49185
6.49185
6.49185
6.49185
6.49185
6.49185
6.49185
6.49185
6.49185
6.49185
6.49185
6.49185
6.49185
6.49185
6.49185
6.49185
6.49185
6.49185
6.49185
6.49185
6.49185
6.49185
6.49185
6.49185
6.49185
6.49185
6.49185
6.49185
6.49185
6.49185
6.49185
6.49185
6.49185
6.49185
6.49185
6.49185
6.49185
6.49185
6.49185
6.49185
6.49185
6.49185
6.49185
6.49185
6.49185
6.49185
6.49185
6.49185
6.49185
6.49185
6.49185
6.49185
6.49185
6.49185
6.49185
6.49185
6.49185
6.49185
6.49185
6.49185
6.49185
6.49185
6.49185
6.49185
6.49185
6.49185
6.49185
6.49185
6.49185
6.49185
6.49185
6.49185
6.49185
6.49185
6.49185
6.49185
6.49185
6.49185
6.49185
6.49185
6.49185
6.49185
6.49185
6.49185
6.49185
6.49185
6.49185
6.49185
6.49185
6.49185
6.49185
6.49185
6.49185
6.49185
6.49185
6.49185
6.49185
6.49185
6.49185
6.49185
6.49185
6.49185
6.49185
6.49185
6.49185
6.49185
6.49185
6.49185
6.49185
6.49185
6.49185
6.49185
6.49185
6.49185
6.49185
6.49185
6.49185
6.49185
6.49185
6.49185
6.49185
6.49185
6.49185
6.49185
6.49185
6.49185
6.49185
6.49185
6.49185
6.49185
6.49185
6.49185
6.49185
6.49185
6.49185
6.49185
6.49185
6.49185
6.49185
6.49185
6.49185
6.49185
6.49185
6.49185
6.49185
6.49185
6.49185
6.49185
6.49185
6.49185
6.49185
6.49185
6.49185
6.49185
6.49185
6.49185
6.49185
6.49185
6.49185
6.49185
6.49185
6.49185
6.49185
6.49185
6.49185
6.49185
6.49185
6.49185
6.49185
6.49185
6.49185
6.49185
6.49185
6.49185
6.49185
6.49185
6.49185
6.49185
6.49185
6.49185
6.49185
6.49185
6.49185
6.49185
6.49185
6.49185
6.49185
6.49185
6.49185
6.49185
6.49185
6.49185
6.49185
6.49185
6.49185
6.49185
6.49185
6.49185
6.49185
6.49185
6.49185
6.49185
6.49185
6.49185
6.49185
6.49185
6.49185
6.49185
6.49185
6.49185
6.49185
6.49185
6.49185
6.49185
6.49185
6.49185
6.49185
6.49185
6.49185
6.49185
6.49185
6.49185
6.49185
6.49185
6.49185
6.49185
6.49185
6.49185
6.49185
6.49185
6.49185
6.49185
6.49185
6.49185
6.49185
6.49185
6.49185
6.49185
6.49185
6.49185
6.49185
6.49185
6.49185
6.49185
6.49185
6.49185
6.49185
6.49185
6.49185
6.49185
6.49185
6.49185
6.49185
6.49185
6.49185
6.49185
6.49185
6.49185
6.49185
6.49185
6.49185
6.49185
6.49185
6.49185
6.49185
6.49185
6.49185
6.49185
6.49185
6.49185
6.49185
6.49185
6.49185
6.49185
6.49185
6.49185
6.49185
6.49185
6.49185
6.49185
6.49185
6.49185
6.49185
6.49185
6.49185
6.49185
6.49185
6.49185
6.49185
6.49185
6.49185
6.49185
6.49185
6.49185
6.49185
6.49185
6.49185
6.49185
6.49185
6.49185
6.49185
6.49185
6.49185
6.49185
6.49185
6.49185
6.49185
6.49185
6.49185
6.49185
6.49185
6.49185
6.49185
6.49185
6.49185
6.49185
6.49185
6.49185
6.49185
6.49185
6.49185
6.49185
6.49185
6.49185
6.49185
6.49185
6.49185
6.49185
6.49185
6.49185
6.49185
6.49185
6.49185
6.49185
6.49185
6.49185
6.49185
6.49185
6.49185
6.49185
6.49185
6.49185
6.49185
6.49185
6.49185
6.49185
6.49185
6.49185
6.49185
6.49185
6.49185
6.49185
6.49185
6.49185
6.49185
6.49185
6.49185
6.49185
6.49185
6.49185
6.49185
6.49185
6.49185
6.49185
6.49185
6.49185
6.49185
6.49185
6.49185
6.49185
6.49185
6.49185
6.49185
6.49185
6.49185
6.49185
6.49185
6.49185
6.49185
6.49185
6.49185
6.49185
6.49185
6.49185
6.49185
6.49185
6.49185
6.49185
6.49185
6.49185
6.49185
6.49185
6.49185
6.49185
6.49185
6.49185
6.49185
6.49185
6.49185
6.49185
6.49185
6.49185
6.49185
6.49185
6.49185
6.49185
6.49185
6.49185
6.49185
6.49185
6.49185
6.49185
6.49185
6.49185
6.49185
6.49185
6.49185
6.49185
6.49185
6.49185
6.49185
6.49185
6.49185
6.49185
6.49185
6.49185
6.49185
6.49185
6.49185
6.49185
6.49185
6.49185
6.49185
6.49185
6.49185
6.49185
6.49185
6.49185
6.49185
6.49185
6.49185
6.49185
6.49185
6.49185
6.49185
6.49185
6.49185
6.49185
6.49185
6.49185
6.49185
6.49185
6.49185
6.49185
6.49185
6.49185
6.49185
6.49185
6.49185
6.49185
6.49185
6.49185
6.49185
6.49185
6.49185
6.49185
6.49185
6.49185
6.49185
6.49185
6.49185
6.49185
6.49185
6.49185
6.49185
6.49185
6.49185
6.49185
6.49185
6.49185
6.49185
6.49185
6.49185
6.49185
6.49185
6.49185
6.49185
6.49185
6.49185
6.49185
6.49185
6.49185
6.49185
6.49185
6.49185
6.49185
6.49185
6.49185
6.49185
6.49185
6.49185
6.49185
6.49185
6.49185
6.49185
6.49185
6.49185
6.49185
6.49185
6.49185
6.49185
6.49185
6.49185
6.49185
6.49185
6.49185
6.49185
6.49185
6.49185
6.49185
6.49185
6.49185
6.49185
6.49185
6.49185
6.49185
6.49185
6.49185
6.49185
6.49185
6.49185
6.49185
6.49185
6.49185
6.49185
6.49185
6.49185
6.49185
6.49185
6.49185
6.49185
6.49185
6.49185
6.49185
6.49185
6.49185
6.49185
6.49185
6.49185
6.49185
6.49185
6.49185
6.49185
6.49185
6.49185
6.49185
6.49185
6.49185
6.49185
6.49185
6.49185
6.49185
6.49185
6.49185
6.49185
6.49185
6.49185
6.49185
6.49185
6.49185
6.49185
6.49185
6.49185
6.49185
6.49185
6.49185
6.49185
6.49185
6.49185
6.49185
6.49185
6.49185
6.49185
6.49185
6.49185
6.49185
6.49185
6.49185
6.49185
6.49185
6.49185
6.49185
6.49185
6.49185
6.49185
6.49185
6.49185
6.49185
6.49185
6.49185
6.49185
6.49185
6.49185
6.49185
6.49185
6.49185
6.49185
6.49185
6.49185
6.49185
6.49185
6.49185
6.49185
6.49185
6.49185
6.49185
6.49185
6.49185
6.49185
6.49185
6.49185
6.49185
6.49185
6.49185
6.49185
6.49185
6.49185
6.49185
6.49185
6.49185
6.49185
6.49185
6.49185
6.49185
6.49185
6.49185
6.49185
6.49185
6.49185
6.49185
6.49185
6.49185
6.49185
6.49185
6.49185
6.49185
6.49185
6.49185
6.49185
6.49185
6.49185
6.49185
6.49185
6.49185
6.49185
6.49185
6.49185
6.49185
6.49185
6.49185
6.49185
6.49185
6.49185
6.49185
6.49185
6.49185
6.49185
6.49185
6.49185
6.49185
6.49185
6.49185
6.49185
6.49185
6.49185
6.49185
6.49185
6.49185
6.49185
6.49185
6.49185
6.49185
6.49185
6.49185
6.49185
6.49185
6.49185
6.49185
6.49185
6.49185
6.49185
6.49185
6.49185
6.49185
