0 40.1759 2.16658
1 36.3912 3.24437
2 32.3622 2.71424
3 29.3278 2.18506
4 26.8851 1.91058
5 24.9126 1.69737
6 23.1863 1.69117
7 21.6447 1.46855
8 20.9167 1.3298
9 20.0279 1.29002
10 19.0636 1.22142
11 18.3031 1.01914
12 17.6678 0.993086
13 16.8072 1.13868
14 15.9091 1.25379
15 15.3302 1.11859
16 14.294 1.1942
17 13.2704 1.25891
18 12.3999 1.12796
19 11.9299 0.929648
20 11.3591 0.752395
21 10.8569 0.865104
22 10.2817 0.881886
23 9.98396 0.855801
24 9.77796 0.780552
25 9.69753 0.86126
26 9.56583 0.90282
27 9.37813 1.17953
28 9.01407 1.31663
29 8.29421 1.15431
30 7.82338 1.01914
31 7.62795 0.900552
32 7.39171 0.705983
33 7.31961 0.650979
34 7.30701 0.714277
35 7.10689 0.579855
36 7.05562 0.615338
37 6.89973 0.447296
38 6.91145 0.49473
39 7.10932 0.766179
40 7.08689 0.734788
41 7.00671 0.616372
42 7.00731 0.621388
43 6.97897 0.61758
44 6.97829 0.636005
45 6.85408 0.471606
46 6.96376 0.640133
47 6.88771 0.531958
48 6.93465 0.629952
49 6.70582 0.376216
50 6.70968 0.438348
51 6.78646 0.570047
52 6.72702 0.475927
53 6.68751 0.407491
54 6.67581 0.386139
55 6.73627 0.478592
56 6.66374 0.366341
57 6.64468 0.334739
58 6.63194 0.319423
59 6.74182 0.494072
60 7.08538 0.850537
61 7.33944 1.03175
62 7.30607 1.02979
63 7.26674 1.01219
64 7.29451 1.0321
65 6.96253 0.790216
66 6.89056 0.744718
67 6.78468 0.609484
68 6.67524 0.439219
69 6.68044 0.418493
70 6.72746 0.518047
71 6.67592 0.425459
72 6.71998 0.469536
73 6.7668 0.547948
74 6.63895 0.348534
75 6.62511 0.316657
76 6.65924 0.397131
77 6.62361 0.337833
78 6.7011 0.478032
79 6.62957 0.361319
80 6.76628 0.578759
81 6.72076 0.498914
82 6.77794 0.583786
83 6.69303 0.449789
84 6.74508 0.522989
85 6.64136 0.363607
86 6.65183 0.37508
87 6.63207 0.329681
88 6.65584 0.379785
89 6.6576 0.392247
90 6.64056 0.360041
91 6.773 0.5475
92 6.77868 0.573436
93 6.71419 0.480346
94 6.72477 0.507956
95 6.72194 0.47549
96 6.67119 0.415346
97 6.75084 0.516527
98 6.78183 0.571388
99 6.76626 0.547629
100 6.71433 0.465589
101 6.70751 0.480449
102 6.6833 0.436403
103 6.66776 0.397748
104 6.66598 0.408912
105 6.68114 0.4229
106 6.65408 0.393566
107 6.68241 0.423499
108 6.59169 0.277682
109 6.65672 0.401152
110 6.74192 0.533812
111 6.69518 0.443956
112 6.84078 0.655699
113 6.86115 0.706217
114 6.81787 0.628314
115 6.72248 0.507195
116 6.64027 0.355508
117 6.83033 0.656479
118 6.85985 0.71843
119 6.76796 0.556603
120 6.68455 0.443463
121 6.77615 0.569509
122 6.77594 0.553635
123 6.72208 0.493333
124 6.82141 0.6362
125 6.68488 0.435368
126 6.62025 0.334935
127 6.66836 0.418321
128 6.68178 0.432694
129 6.68743 0.450684
130 6.71928 0.494203
131 6.64361 0.350688
132 6.6958 0.457521
133 6.65143 0.401966
134 6.71327 0.488214
135 6.65694 0.383974
136 6.70121 0.441644
137 6.73391 0.524852
138 6.71691 0.508702
139 6.79717 0.597818
140 6.68245 0.430934
141 6.63895 0.351141
142 6.72514 0.48896
143 6.74116 0.522255
144 6.60103 0.300644
145 6.68695 0.437593
146 6.65699 0.385147
147 6.72778 0.521288
148 6.76392 0.5868
149 6.7998 0.570823
150 6.76485 0.533783
151 6.8324 0.612578
152 6.7576 0.525698
153 6.73348 0.496493
154 6.76371 0.563612
155 6.73588 0.528558
156 6.70298 0.457379
157 6.64843 0.365262
158 6.59967 0.292086
159 6.69624 0.471467
160 6.66457 0.409935
161 6.68443 0.425779
162 6.72617 0.482153
163 6.60609 0.306533
164 6.63542 0.36294
165 6.65902 0.387517
166 6.64754 0.376118
167 6.6576 0.39415
168 6.65523 0.383568
169 6.70304 0.459879
170 6.70494 0.449965
171 6.73284 0.50155
172 6.77548 0.563375
173 6.83069 0.634547
174 6.77603 0.576612
175 6.74864 0.53966
176 6.6815 0.424001
177 6.65555 0.37139
178 6.63646 0.345931
179 6.6649 0.399499
180 6.74992 0.501844
181 6.68186 0.416224
182 6.61031 0.309697
183 6.63743 0.327322
184 6.65081 0.377799
185 6.66743 0.407238
186 6.71103 0.483356
187 6.70938 0.487611
188 6.66761 0.394003
189 6.63818 0.366799
190 6.70289 0.459766
191 6.68017 0.42758
192 6.71455 0.484046
193 6.64585 0.355003
194 6.69575 0.460684
195 6.67484 0.415854
196 6.71125 0.477268
197 6.63198 0.347593
198 6.74167 0.539478
199 6.67291 0.437988
200 6.61993 0.320649
201 6.69619 0.444485
202 6.68743 0.430115
203 6.59724 0.273744
204 6.63279 0.321919
205 6.79365 0.551711
206 6.85964 0.683015
207 6.62486 0.348121
208 6.7368 0.53668
209 6.65222 0.400851
210 6.72213 0.500987
211 6.65933 0.389684
212 6.57274 0.229395
213 6.621 0.340586
214 6.63257 0.35285
215 6.70502 0.450789
216 6.78071 0.589893
217 6.80703 0.631217
218 6.68554 0.441251
219 6.66693 0.402599
220 6.73422 0.513709
221 6.69346 0.452791
222 6.6914 0.461496
223 6.62487 0.323912
224 6.74449 0.53943
225 6.7531 0.542673
226 6.72429 0.505307
227 6.76671 0.546698
228 6.75424 0.538651
229 6.67076 0.387313
230 6.67577 0.392238
231 6.67103 0.395981
232 6.72347 0.483508
233 6.71855 0.457253
234 6.72148 0.469183
235 6.81424 0.67725
236 6.68537 0.450327
237 6.72637 0.46301
238 6.64933 0.342215
239 6.63721 0.338015
240 6.62555 0.330334
241 6.65035 0.405162
242 6.59367 0.278565
243 6.6303 0.334493
244 6.68046 0.405335
245 6.6687 0.395993
246 6.70325 0.43816
247 6.68101 0.388021
248 6.69327 0.436368
249 6.77749 0.5696
250 6.78112 0.550566
251 6.88399 0.686888
252 6.77556 0.56083
253 6.66588 0.384966
254 6.63505 0.346674
255 6.59571 0.281132
256 6.60997 0.299572
257 6.6491 0.357162
258 6.66192 0.394875
259 6.66145 0.393961
260 6.60474 0.300351
261 6.5802 0.241767
262 6.64008 0.349438
263 6.69157 0.436231
264 6.71988 0.464551
265 6.68299 0.404003
266 6.72795 0.479606
267 6.71672 0.476893
268 6.73096 0.514186
269 6.73138 0.496721
270 6.75461 0.512548
271 6.69535 0.454364
272 6.66722 0.393931
273 6.64088 0.354762
274 6.6589 0.390016
275 6.76923 0.539896
276 6.70637 0.459994
277 6.61412 0.312324
278 6.60841 0.292627
279 6.63362 0.353133
280 6.64561 0.397094
281 6.61699 0.313894
282 6.58409 0.263972
283 6.66953 0.403324
284 6.69894 0.445834
285 6.78067 0.547745
286 6.76104 0.556391
287 6.72609 0.498973
288 6.69331 0.445346
289 6.71894 0.490754
290 6.69939 0.444125
291 6.63834 0.352898
292 6.59697 0.276032
293 6.63317 0.358831
294 6.61345 0.31957
295 6.65734 0.388016
296 6.67395 0.419761
297 6.71703 0.50436
298 6.72003 0.502037
299 6.7637 0.550249
300 6.76325 0.550487
301 6.70459 0.470618
302 6.63583 0.364171
303 6.69147 0.441981
304 6.67491 0.410468
305 6.78504 0.572243
306 6.80272 0.593416
307 6.62607 0.319847
308 6.65199 0.370964
309 6.63552 0.339258
310 6.62939 0.342807
311 6.68353 0.430128
312 6.58379 0.260633
313 6.60553 0.282874
314 6.59512 0.283739
315 6.62891 0.35357
316 6.63445 0.360944
317 6.72979 0.513683
318 6.69252 0.443753
319 6.76286 0.5506
320 6.66042 0.385418
321 6.72143 0.482059
322 6.74839 0.526682
323 6.6164 0.299488
324 6.65136 0.365195
325 6.66226 0.39799
326 6.7549 0.558059
327 6.87422 0.716758
328 6.7125 0.473643
329 6.65348 0.36795
330 6.62268 0.32284
331 6.56244 0.208847
332 6.60107 0.296533
333 6.61028 0.309474
334 6.58749 0.253184
335 6.59451 0.273428
336 6.65849 0.394925
337 6.6487 0.39363
338 6.60852 0.323323
339 6.63193 0.363532
340 6.61408 0.306268
341 6.53886 0.154159
342 6.58524 0.251675
343 6.59559 0.266737
344 6.63186 0.331955
345 6.73491 0.503908
346 6.7507 0.520468
347 6.74639 0.522551
348 6.62831 0.354238
349 6.66343 0.415222
350 6.63161 0.348782
351 6.69723 0.464573
352 6.76948 0.532888
353 6.67156 0.411234
354 6.68308 0.43115
355 6.62048 0.31627
356 6.62228 0.314187
357 6.68014 0.390391
358 6.72878 0.47979
359 6.64157 0.345591
360 6.70752 0.461171
361 6.74325 0.505674
362 6.66384 0.381879
363 6.66893 0.389413
364 6.73213 0.487483
365 6.80485 0.597751
366 6.67921 0.435748
367 6.61027 0.328117
368 6.70529 0.503274
369 6.68359 0.435376
370 6.71189 0.484576
371 6.77537 0.557715
372 6.7929 0.588213
373 6.80258 0.607983
374 6.75202 0.511649
375 6.69701 0.441336
376 6.66002 0.433856
377 6.68706 0.457138
378 6.72849 0.514188
379 6.79723 0.602279
380 6.70856 0.47505
381 6.80624 0.614861
382 6.84646 0.66618
383 6.76283 0.542745
384 6.74736 0.525294
385 6.72203 0.494152
386 6.6665 0.404287
387 6.61706 0.315929
388 6.67354 0.423422
389 6.79262 0.618223
390 6.79912 0.645321
391 6.70192 0.439803
392 6.74264 0.497072
393 6.75665 0.523852
394 6.7388 0.523449
395 6.60614 0.287373
396 6.66408 0.391588
397 6.59865 0.289492
398 6.68292 0.422478
399 6.69911 0.442162
400 6.7851 0.607535
401 6.76863 0.586343
402 6.82157 0.650564
403 6.79705 0.625561
404 6.66475 0.402472
405 6.72439 0.514487
406 6.73931 0.517696
407 6.79669 0.591715
408 6.65939 0.393742
409 6.6317 0.330095
410 6.6347 0.344838
411 6.69558 0.431982
412 6.71459 0.454152
413 6.6816 0.408211
414 6.67714 0.410279
415 6.65831 0.393655
416 6.66439 0.386579
417 6.68281 0.431675
418 6.72265 0.482382
419 6.71859 0.456703
420 6.7914 0.589301
421 6.69281 0.43948
422 6.63156 0.359862
423 6.70318 0.47368
424 6.74155 0.509425
425 6.73679 0.507939
426 6.74279 0.504074
427 6.70557 0.489764
428 6.73584 0.506603
429 6.80312 0.598423
430 6.75488 0.524992
431 6.59386 0.28645
432 6.62925 0.320884
433 6.6778 0.421583
434 6.69156 0.445631
435 6.74394 0.503579
436 6.66397 0.399988
437 6.62706 0.328475
438 6.62983 0.349059
439 6.58707 0.261012
440 6.63539 0.346286
441 6.64982 0.350452
442 6.76718 0.563695
443 6.73544 0.525281
444 6.65245 0.392695
445 6.65785 0.415501
446 6.63075 0.35212
447 6.69315 0.458684
448 6.67498 0.431653
449 6.67621 0.443078
450 6.60413 0.304323
451 6.67255 0.421316
452 6.62974 0.345236
453 6.64175 0.351692
454 6.60608 0.293844
455 6.64867 0.368997
456 6.60364 0.286908
457 6.63694 0.346903
458 6.67825 0.417319
459 6.73129 0.519058
460 6.65992 0.40344
461 6.61223 0.308901
462 6.66238 0.379986
463 6.6542 0.373206
464 6.61329 0.315719
465 6.61613 0.32288
466 6.60986 0.307423
467 6.61023 0.310786
468 6.63704 0.372719
469 6.66544 0.409769
470 6.69922 0.440502
471 6.83497 0.645171
472 6.85304 0.677575
473 6.7829 0.577619
474 6.71178 0.497234
475 6.73159 0.543588
476 6.82901 0.642946
477 6.73512 0.493729
478 6.71159 0.45807
479 6.61249 0.293011
480 6.71981 0.454191
481 6.75942 0.551254
482 6.83243 0.639257
483 6.81384 0.652987
484 6.67951 0.455548
485 6.66179 0.404255
486 6.61734 0.318252
487 6.64534 0.35298
488 6.64291 0.370973
489 6.70922 0.46518
490 6.76532 0.565428
491 6.78244 0.574146
492 6.747 0.525866
493 6.77092 0.560875
494 6.7023 0.47773
495 6.72118 0.494742
496 6.65158 0.393794
497 6.5889 0.280568
498 6.66118 0.418466
499 6.62087 0.31609
500 6.68837 0.452313
501 6.57274 0.244987
502 6.62856 0.332254
503 6.6145 0.31207
504 6.68009 0.405203
505 6.70669 0.46123
506 6.62523 0.342628
507 6.62444 0.331631
508 6.61721 0.319719
509 6.58613 0.273691
510 6.65813 0.407947
511 6.66439 0.393868
512 6.66915 0.391255
513 6.71173 0.446135
514 6.65901 0.374674
515 6.65932 0.366125
516 6.63818 0.342816
517 6.63071 0.342838
518 6.64061 0.364618
519 6.55064 0.182935
520 6.60207 0.289876
521 6.6032 0.302751
522 6.60651 0.312515
523 6.69926 0.462614
524 6.81071 0.643626
525 6.69254 0.482889
526 6.66058 0.416495
527 6.74396 0.499957
528 6.69029 0.418893
529 6.67326 0.420646
530 6.67787 0.431007
531 6.80357 0.615329
532 6.73365 0.521904
533 6.7989 0.603595
534 6.68118 0.444737
535 6.74199 0.54263
536 6.74408 0.552833
537 6.66376 0.385744
538 6.66471 0.395459
539 6.64592 0.365531
540 6.61881 0.312743
541 6.64309 0.347194
542 6.7462 0.536953
543 6.76639 0.577549
544 6.70433 0.472187
545 6.65734 0.405572
546 6.67231 0.411923
547 6.74352 0.534736
548 6.70448 0.460878
549 6.80864 0.618054
550 6.78287 0.561912
551 6.76159 0.542908
552 6.68141 0.427249
553 6.72638 0.526178
554 6.73857 0.521659
555 6.64881 0.375523
556 6.64968 0.35508
557 6.72652 0.487013
558 6.75124 0.536831
559 6.69628 0.437962
560 6.68093 0.436685
561 6.69156 0.441285
562 6.72963 0.511936
563 6.72119 0.500439
564 6.71762 0.468686
565 6.67133 0.403697
566 6.60894 0.310166
567 6.70879 0.489342
568 6.85535 0.679805
569 6.7451 0.557562
570 6.65428 0.405502
571 6.67855 0.431582
572 6.72529 0.497566
573 6.75417 0.522459
574 6.68103 0.445004
575 6.65926 0.410823
576 6.64112 0.375196
577 6.72527 0.55758
578 6.68753 0.475563
579 6.61582 0.316817
580 6.57357 0.229535
581 6.61849 0.320094
582 6.62432 0.325151
583 6.67639 0.417461
584 6.66246 0.405249
585 6.64646 0.372867
586 6.64837 0.389223
587 6.81973 0.652513
588 6.83839 0.668207
589 6.70969 0.464807
590 6.7235 0.510912
591 6.76122 0.56493
592 6.7375 0.540867
593 6.67909 0.43973
594 6.70556 0.474296
595 6.67723 0.429988
596 6.68691 0.462829
597 6.77362 0.600868
598 6.64094 0.364481
599 6.69394 0.451095
600 6.6956 0.473179
601 6.66197 0.392928
602 6.76597 0.562797
603 6.78034 0.568267
604 6.73893 0.530438
605 6.69917 0.460799
606 6.71286 0.482178
607 6.69119 0.448372
608 6.60709 0.30721
609 6.64701 0.377853
610 6.63188 0.355584
611 6.65817 0.404332
612 6.6238 0.323854
613 6.62783 0.339427
614 6.7638 0.582774
615 6.67215 0.426863
616 6.65015 0.374745
617 6.67067 0.402707
618 6.78461 0.591779
619 6.72782 0.505763
620 6.76132 0.578559
621 6.61675 0.309824
622 6.67349 0.42579
623 6.65874 0.400326
624 6.65234 0.366975
625 6.66373 0.392184
626 6.69642 0.457128
627 6.70928 0.482014
628 6.68504 0.435745
629 6.67663 0.439284
630 6.73651 0.499906
631 6.71222 0.461508
632 6.57977 0.250979
633 6.62809 0.342386
634 6.631 0.341029
635 6.68297 0.418821
636 6.66765 0.390714
637 6.64226 0.352886
638 6.62195 0.330248
639 6.67625 0.403094
640 6.78033 0.549197
641 6.64628 0.357509
642 6.62114 0.32393
643 6.71372 0.478254
644 6.61079 0.318049
645 6.63053 0.353165
646 6.69815 0.47334
647 6.71371 0.477085
648 6.64285 0.375776
649 6.70888 0.462419
650 6.7168 0.490313
651 6.71352 0.46043
652 6.72141 0.49391
653 6.75753 0.533908
654 6.63908 0.376482
655 6.63629 0.367708
656 6.67218 0.428527
657 6.65093 0.384968
658 6.72394 0.504868
659 6.63719 0.350055
660 6.65587 0.378918
661 6.65955 0.38958
662 6.63083 0.33966
663 6.69906 0.469728
664 6.64229 0.368335
665 6.76159 0.556425
666 6.73842 0.491572
667 6.6791 0.412694
668 6.70444 0.480657
669 6.68146 0.454921
670 6.6954 0.460342
671 6.66953 0.394845
672 6.6397 0.362472
673 6.65244 0.36778
674 6.62773 0.324239
675 6.62495 0.34823
676 6.68328 0.43813
677 6.60657 0.289677
678 6.62559 0.303066
679 6.6273 0.311497
680 6.64713 0.374847
681 6.58935 0.271548
682 6.59207 0.281419
683 6.64227 0.375945
684 6.61829 0.329457
685 6.67003 0.444904
686 6.74174 0.565741
687 6.63131 0.373364
688 6.5426 0.169828
689 6.70701 0.475171
690 6.77388 0.540325
691 6.72626 0.492175
692 6.7436 0.541237
693 6.66739 0.401991
694 6.68786 0.447989
695 6.68387 0.44079
696 6.56914 0.216371
697 6.58896 0.256235
698 6.64516 0.353375
699 6.70568 0.473838
700 6.68278 0.423546
701 6.66087 0.377448
702 6.71157 0.465319
703 6.68947 0.439295
704 6.67676 0.409675
705 6.66435 0.388348
706 6.68252 0.423404
707 6.69173 0.460515
708 6.70692 0.448365
709 6.79548 0.574761
710 6.72269 0.502088
711 6.65593 0.388681
712 6.65699 0.379701
713 6.61412 0.320989
714 6.67356 0.427563
715 6.69805 0.47843
716 6.77074 0.598498
717 6.71592 0.488827
718 6.69961 0.43538
719 6.79194 0.580274
720 6.70664 0.458575
721 6.66708 0.417549
722 6.719 0.498257
723 6.70946 0.492764
724 6.71885 0.521824
725 6.672 0.443512
726 6.7186 0.490731
727 6.67562 0.420137
728 6.72273 0.492956
729 6.64499 0.399971
730 6.62364 0.320427
731 6.68168 0.429631
732 6.69432 0.447015
733 6.73131 0.536231
734 6.67188 0.428027
735 6.74932 0.55463
736 6.87728 0.728882
737 6.80791 0.644657
738 6.7774 0.592681
739 6.67758 0.439452
740 6.6987 0.461635
741 6.59045 0.271272
742 6.61314 0.300116
743 6.70848 0.452481
744 6.7128 0.460856
745 6.60445 0.298491
746 6.66032 0.391623
747 6.67205 0.418371
748 6.62169 0.322976
749 6.64758 0.382518
750 6.68175 0.442903
751 6.60409 0.310312
752 6.55988 0.204528
753 6.58765 0.260592
754 6.61854 0.347366
755 6.61872 0.342394
756 6.65583 0.435556
757 6.6426 0.358197
758 6.6739 0.417922
759 6.66381 0.389729
760 6.67011 0.400804
761 6.6385 0.3714
762 6.6219 0.326852
763 6.71236 0.449748
764 6.72358 0.469603
765 6.72608 0.473167
766 6.68657 0.417229
767 6.61361 0.313631
768 6.66195 0.383073
769 6.65455 0.381407
770 6.78365 0.584155
771 6.78078 0.57864
772 6.67474 0.432066
773 6.66352 0.397531
774 6.6808 0.415561
775 6.73548 0.500154
776 6.67731 0.434777
777 6.68425 0.450529
778 6.69208 0.461636
779 6.65623 0.380215
780 6.69202 0.445146
781 6.76848 0.551504
782 6.69889 0.465426
783 6.65124 0.38149
784 6.77524 0.567154
785 6.63132 0.355186
786 6.65811 0.392313
787 6.63696 0.355883
788 6.66636 0.395271
789 6.73608 0.537835
790 6.67241 0.428902
791 6.66757 0.393177
792 6.67812 0.424857
793 6.64531 0.35817
794 6.70141 0.467127
795 6.64854 0.367477
796 6.69054 0.429151
797 6.65884 0.405189
798 6.63649 0.346147
799 6.607 0.30362
800 6.67864 0.415227
801 6.7108 0.47529
802 6.61916 0.317326
803 6.68828 0.445953
804 6.72345 0.488396
805 6.70019 0.463104
806 6.66515 0.393525
807 6.76451 0.515826
808 6.68009 0.420892
809 6.71511 0.465291
810 6.69136 0.455433
811 6.66145 0.407524
812 6.76288 0.574765
813 6.68425 0.471022
814 6.61656 0.32617
815 6.69214 0.434215
816 6.59097 0.278532
817 6.54113 0.172276
818 6.54278 0.171346
819 6.63558 0.343238
820 6.69698 0.447297
821 6.65571 0.378806
822 6.66288 0.383971
823 6.67906 0.422495
824 6.61242 0.331532
825 6.6444 0.37852
826 6.73735 0.533884
827 6.70683 0.459644
828 6.69037 0.47139
829 6.70912 0.484668
830 6.63593 0.368096
831 6.58519 0.268318
832 6.75529 0.547396
833 6.68944 0.449319
834 6.63548 0.367399
835 6.62221 0.328389
836 6.67166 0.39151
837 6.60895 0.299661
838 6.61865 0.319389
839 6.65973 0.399404
840 6.62225 0.330369
841 6.59613 0.282751
842 6.6948 0.44495
843 6.73515 0.533245
844 6.71604 0.494452
845 6.6842 0.435843
846 6.60017 0.283212
847 6.69065 0.436173
848 6.59381 0.27806
849 6.58539 0.263313
850 6.6406 0.351398
851 6.56661 0.217138
852 6.6482 0.378176
853 6.71906 0.484759
854 6.69131 0.438566
855 6.72315 0.474411
856 6.72987 0.498643
857 6.72165 0.475882
858 6.62223 0.325927
859 6.63827 0.354123
860 6.69898 0.468265
861 6.7476 0.527889
862 6.746 0.513072
863 6.69278 0.433214
864 6.77297 0.566826
865 6.70498 0.450075
866 6.68873 0.433546
867 6.71034 0.487357
868 6.64759 0.380264
869 6.71975 0.499562
870 6.67558 0.412427
871 6.66792 0.388514
872 6.73403 0.511911
873 6.62593 0.33034
874 6.62863 0.336272
875 6.63417 0.341572
876 6.639 0.341045
877 6.64918 0.373684
878 6.71728 0.490656
879 6.67616 0.410031
880 6.7745 0.551981
881 6.70526 0.467063
882 6.72261 0.493116
883 6.63826 0.358566
884 6.72042 0.49015
885 6.66564 0.403207
886 6.79596 0.561842
887 6.74545 0.504755
888 6.74649 0.504499
889 6.66033 0.38957
890 6.65303 0.362687
891 6.65922 0.391014
892 6.69725 0.462923
893 6.66786 0.406551
894 6.81 0.635392
895 6.6602 0.395919
896 6.7028 0.436431
897 6.63625 0.351447
898 6.70992 0.483719
899 6.74589 0.499696
900 6.74457 0.49434
901 6.79727 0.588595
902 6.66362 0.391073
903 6.667 0.408632
904 6.71853 0.488667
905 6.671 0.422365
906 6.63261 0.346548
907 6.62233 0.335469
908 6.71784 0.48487
909 6.58609 0.271953
910 6.63662 0.357509
911 6.63175 0.338218
912 6.6099 0.305835
913 6.59948 0.29369
914 6.65307 0.376715
915 6.67506 0.418215
916 6.60454 0.307417
917 6.6975 0.447273
918 6.63491 0.378151
919 6.60895 0.297872
920 6.62765 0.327965
921 6.70682 0.466086
922 6.80163 0.599405
923 6.7221 0.500998
924 6.73767 0.515906
925 6.65631 0.37721
926 6.63144 0.337762
927 6.67449 0.415997
928 6.7078 0.47305
929 6.78887 0.590556
930 6.71756 0.500433
931 6.65725 0.411512
932 6.63707 0.349045
933 6.66113 0.384426
934 6.70906 0.466917
935 6.72446 0.484615
936 6.67747 0.422894
937 6.68993 0.44177
938 6.66997 0.418691
939 6.72643 0.528482
940 6.82719 0.655342
941 6.75517 0.527642
942 6.76281 0.567255
943 6.73617 0.526936
944 6.64766 0.381053
945 6.69538 0.468936
946 6.73699 0.524029
947 6.70805 0.473154
948 6.66005 0.376062
949 6.69416 0.454088
950 6.61253 0.319178
951 6.65405 0.390232
952 6.70857 0.471998
953 6.78483 0.564306
954 6.84206 0.651047
955 6.75966 0.577332
956 6.6792 0.439344
957 6.6765 0.451242
958 6.7555 0.551947
959 6.71462 0.521537
960 6.66588 0.405954
961 6.69669 0.442745
962 6.67642 0.418524
963 6.66905 0.409045
964 6.71341 0.48108
965 6.67737 0.416537
966 6.71991 0.47112
967 6.71228 0.460316
968 6.61655 0.310452
969 6.63869 0.337617
970 6.66412 0.399047
971 6.66639 0.414437
972 6.63869 0.346692
973 6.68332 0.445187
974 6.73193 0.489114
975 6.74623 0.481504
976 6.65472 0.368942
977 6.68448 0.438027
978 6.62333 0.342685
979 6.61942 0.337298
980 6.6677 0.419103
981 6.69351 0.454537
982 6.73782 0.545203
983 6.67228 0.446438
984 6.68776 0.441726
985 6.69762 0.446252
986 6.72237 0.463907
987 6.83568 0.654922
988 6.72282 0.475564
989 6.6937 0.422548
990 6.72304 0.470105
991 6.73246 0.500405
992 6.71878 0.452385
993 6.66831 0.369921
994 6.73272 0.482467
995 6.72693 0.469247
996 6.71559 0.465185
997 6.69476 0.449454
998 6.71442 0.484969
999 6.68974 0.442412
