0.5  0.712438  0.0815768
1.5  -0.0448342  0.0241327
2.5  -0.095391  0.0170622
3.5  -0.195412  0.0151829
4.5  -0.203733  0.0125034
5.5  -0.252173  0.01116
6.5  -0.282144  0.0100315
7.5  -0.268127  0.00964853
8.5  -0.287587  0.0110856
9.5  -0.308466  0.011015
10.5  -0.317149  0.00982709
11.5  -0.333703  0.0107513
12.5  -0.353264  0.00746048
13.5  -0.324053  0.00876102
14.5  -0.341531  0.00920738
15.5  -0.352272  0.0074793
16.5  -0.365014  0.00952727
17.5  -0.383375  0.00947638
18.5  -0.359929  0.00954192
19.5  -0.366921  0.00819983
20.5  -0.381512  0.00735351
21.5  -0.402794  0.00606587
22.5  -0.390885  0.00723801
23.5  -0.420711  0.00509768
24.5  -0.374971  0.00768295
25.5  -0.40209  0.00676416
26.5  -0.39952  0.00509829
27.5  -0.412183  0.00420219
28.5  -0.411835  0.00594481
29.5  -0.39742  0.00562348
30.5  -0.419469  0.00596376
31.5  -0.403489  0.00760395
32.5  -0.419363  0.00418844
33.5  -0.412728  0.00641771
34.5  -0.433525  0.00339459
35.5  -0.417414  0.00519888
36.5  -0.427944  0.00269772
37.5  -0.425036  0.00416268
38.5  -0.424274  0.00439162
39.5  -0.411519  0.00432156
40.5  -0.411252  0.00589999
41.5  -0.434518  0.00215198
42.5  -0.42416  0.00325558
43.5  -0.412981  0.00433609
44.5  -0.419181  0.00342846
45.5  -0.423647  0.00282696
46.5  -0.417564  0.00269386
47.5  -0.419827  0.00324985
48.5  -0.426031  0.00311454
49.5  -0.426117  0.00303535
