0.5  0.874908  0.0201369
1.5  0.815108  0.0176299
2.5  0.836184  0.0170436
3.5  0.790492  0.0163931
4.5  0.81515  0.0174379
5.5  0.758357  0.0165231
6.5  0.800345  0.0161408
7.5  0.797909  0.0142347
8.5  0.773885  0.0154907
9.5  0.75044  0.0158265
10.5  0.760225  0.0171833
11.5  0.729171  0.0156501
12.5  0.690843  0.0119933
13.5  0.73841  0.0172112
14.5  0.729495  0.017768
15.5  0.712546  0.0163094
16.5  0.701166  0.0144108
17.5  0.670339  0.0146419
18.5  0.712224  0.0162766
19.5  0.708127  0.0157914
20.5  0.694906  0.0123726
21.5  0.648738  0.00836576
22.5  0.670992  0.011644
23.5  0.646348  0.00682848
24.5  0.702015  0.0176862
25.5  0.680141  0.00992116
26.5  0.64418  0.00879096
27.5  0.633355  0.0072508
28.5  0.645297  0.00707674
29.5  0.644509  0.00947458
30.5  0.636955  0.00644963
31.5  0.667778  0.0167901
32.5  0.639326  0.00666453
33.5  0.662428  0.0130266
34.5  0.637537  0.00443024
35.5  0.640528  0.00654351
36.5  0.623422  0.00478844
37.5  0.613581  0.00645806
38.5  0.635362  0.00685931
39.5  0.654622  0.00964126
40.5  0.644325  0.00926409
41.5  0.642638  0.00510876
42.5  0.62068  0.00546897
43.5  0.633542  0.00660596
44.5  0.624428  0.00647529
45.5  0.625332  0.00637818
46.5  0.622556  0.00519217
47.5  0.634818  0.0059742
48.5  0.643316  0.00612432
49.5  0.639548  0.00604068
