14.6949
14.0678
13.1412
12.4137
11.2487
10.77
10.1723
9.25284
9.14955
8.35482
8.27501
8.15727
7.97128
7.67662
7.40413
7.37472
7.00927
6.84234
6.71715
6.49314
6.22088
6.06222
5.83821
5.8088
5.8032
5.8032
5.71233
5.71233
5.51239
5.37761
5.37761
5.37761
5.3638
5.35641
5.35641
5.3332
5.3332
5.3332
5.3332
5.3332
5.3332
5.3332
5.3332
5.32116
5.31633
5.31633
5.31633
5.31633
5.25882
5.25882
5.24882
5.24882
5.24882
5.24882
5.24882
5.24882
5.24882
5.24882
5.24882
5.23289
5.23289
5.23289
5.23289
5.23289
5.23289
5.23289
5.23289
5.23289
5.23289
5.23289
5.23289
5.23289
5.23289
5.23289
5.23289
5.23289
5.23289
5.23289
5.23289
5.23289
5.23289
5.23289
5.23289
5.23289
5.23289
5.23289
5.23289
5.23289
5.23289
5.23289
5.23289
5.23289
5.23289
5.23289
5.23289
5.23289
5.23289
5.23289
5.23289
5.23289
5.23289
5.23289
5.23289
5.23289
5.23289
5.23289
5.23289
5.23289
5.23289
5.23289
5.23289
5.23289
5.23289
5.23289
5.23289
5.23289
5.23289
5.23289
5.23289
5.23289
5.23289
5.23289
5.23289
5.23289
5.23289
5.23289
5.23289
5.23289
5.23289
5.23289
5.23289
5.23289
5.23289
5.23289
5.23289
5.23289
5.23289
5.23289
5.23289
5.23289
5.23289
5.23289
5.23289
5.23289
5.23289
5.23289
5.23289
5.23289
5.23289
5.23289
5.23289
5.23289
5.23289
5.23289
5.23289
5.23289
5.23289
5.23289
5.23289
5.23289
5.23289
5.23289
5.23289
5.23289
5.23289
5.23289
5.23289
5.23289
5.23289
5.23289
5.23289
5.23289
5.23289
5.23289
5.23289
5.23289
5.23289
5.23289
5.23289
5.23289
5.23289
5.23289
5.23289
5.23289
5.23289
5.23289
5.23289
5.23289
5.23289
5.23289
5.23289
5.23289
5.23289
5.23289
5.23289
5.23289
5.23289
5.23289
5.23289
5.23289
5.23289
5.23289
5.23289
5.23289
5.23289
5.23289
5.23289
5.23289
5.23289
5.23289
5.23289
5.23289
5.23289
5.23289
5.23289
5.23289
5.23289
5.23289
5.23289
5.23289
5.23289
5.23289
5.23289
5.23289
5.23289
5.23289
5.23289
5.23289
5.23289
5.23289
5.23289
5.23289
5.23289
5.23289
5.23289
5.23289
5.23289
5.23289
5.23289
5.23289
5.23289
5.23289
5.23289
5.23289
5.23289
5.23289
5.23289
5.23289
5.23289
5.23289
5.23289
5.23289
5.23289
5.23289
5.23289
5.23289
5.23289
5.23289
5.23289
5.23289
5.23289
5.23289
5.23289
5.23289
5.23289
5.23289
5.23289
5.23289
5.23289
5.23289
5.23289
5.23289
5.23289
5.23289
5.23289
5.23289
5.23289
5.23289
5.23289
5.23289
5.23289
5.23289
5.23289
5.23289
5.23289
5.23289
5.23289
5.23289
5.23289
5.23289
5.23289
5.23289
5.23289
5.23289
5.23289
5.23289
5.23289
5.23289
5.23289
5.23289
5.23289
5.23289
5.23289
5.23289
5.23289
5.23289
5.23289
5.23289
5.23289
5.23289
5.23289
5.23289
5.23289
5.23289
5.23289
5.23289
5.23289
5.23289
5.23289
5.23289
5.23289
5.23289
5.23289
5.23289
5.23289
5.23289
5.23289
5.23289
5.23289
5.23289
5.23289
5.23289
5.23289
5.23289
5.23289
5.23289
5.23289
5.23289
5.23289
5.23289
5.23289
5.23289
5.23289
5.23289
5.23289
5.23289
5.23289
5.23289
5.23289
5.23289
5.23289
5.23289
5.23289
5.23289
5.23289
5.23289
5.23289
5.23289
5.23289
5.23289
5.23289
5.23289
5.23289
5.23289
5.23289
5.23289
5.23289
5.23289
5.23289
5.23289
5.23289
5.23289
5.23289
5.23289
5.23289
5.23289
5.23289
5.23289
5.23289
5.23289
5.23289
5.23289
5.23289
5.23289
5.23289
5.23289
5.23289
5.23289
5.23289
5.23289
5.23289
5.23289
5.23289
5.23289
5.23289
5.23289
5.23289
5.23289
5.23289
5.23289
5.23289
5.23289
5.23289
5.23289
5.23289
5.23289
5.23289
5.23289
5.23289
5.23289
5.23289
5.23289
5.23289
5.23289
5.23289
5.23289
5.23289
5.23289
5.23289
5.23289
5.23289
5.23289
5.23289
5.23289
5.23289
5.23289
5.23289
5.23289
5.23289
5.23289
5.23289
5.23289
5.23289
5.23289
5.23289
5.23289
5.23289
5.23289
5.23289
5.23289
5.23289
5.23289
5.23289
5.23289
5.23289
5.23289
5.23289
5.23289
5.23289
5.23289
5.23289
5.23289
5.23289
5.23289
5.23289
5.23289
5.23289
5.23289
5.23289
5.23289
5.23289
5.23289
5.23289
5.23289
5.23289
5.23289
5.23289
5.23289
5.23289
5.23289
5.23289
5.23289
5.23289
5.23289
5.23289
5.23289
5.23289
5.23289
5.23289
5.23289
5.23289
5.23289
5.23289
5.23289
5.23289
5.23289
5.23289
5.23289
5.23289
5.23289
5.23289
5.23289
5.23289
5.23289
5.23289
5.23289
5.23289
5.23289
5.23289
5.23289
5.23289
5.23289
5.23289
5.23289
5.23289
5.23289
5.23289
5.23289
5.23289
5.23289
5.23289
5.23289
5.23289
5.23289
5.23289
5.23289
5.23289
5.23289
5.23289
5.23289
5.23289
5.23289
5.23289
5.23289
5.23289
5.23289
5.23289
5.23289
5.23289
5.23289
5.23289
5.23289
5.23289
5.23289
5.23289
5.23289
5.23289
5.23289
5.23289
5.23289
5.23289
5.23289
5.23289
5.23289
5.23289
5.23289
5.23289
5.23289
5.23289
5.23289
5.23289
5.23289
5.23289
5.23289
5.23289
5.23289
5.23289
5.23289
5.23289
5.23289
5.23289
5.23289
5.23289
5.23289
5.23289
5.23289
5.23289
5.23289
5.23289
5.23289
5.23289
5.23289
5.23289
5.23289
5.23289
5.23289
5.23289
5.23289
5.23289
5.23289
5.23289
5.23289
5.23289
5.23289
5.23289
5.23289
5.23289
5.23289
5.23289
5.23289
5.23289
5.23289
5.23289
5.23289
5.23289
5.23289
5.23289
5.23289
5.23289
5.23289
5.23289
5.23289
5.23289
5.23289
5.23289
5.23289
5.23289
5.23289
5.23289
5.23289
5.23289
5.23289
5.23289
5.23289
5.23289
5.23289
5.23289
5.23289
5.23289
5.23289
5.23289
5.23289
5.23289
5.23289
5.23289
5.23289
5.23289
5.23289
5.23289
5.23289
5.23289
5.23289
5.23289
5.23289
5.23289
5.23289
5.23289
5.23289
5.23289
5.23289
5.23289
5.23289
5.23289
5.23289
5.23289
5.23289
5.23289
5.23289
5.23289
5.23289
5.23289
5.23289
5.23289
5.23289
5.23289
5.23289
5.23289
5.23289
5.23289
5.23289
5.23289
5.23289
5.23289
5.23289
5.23289
5.23289
5.23289
5.23289
5.23289
5.23289
5.23289
5.23289
5.23289
5.23289
5.23289
5.23289
5.23289
5.23289
5.23289
5.23289
5.23289
5.23289
5.23289
5.23289
5.23289
5.23289
5.23289
5.23289
5.23289
5.23289
5.23289
5.23289
5.23289
5.23289
5.23289
5.23289
5.23289
5.23289
5.23289
5.23289
5.23289
5.23289
5.23289
5.23289
5.23289
5.23289
5.23289
5.23289
5.23289
5.23289
5.23289
5.23289
5.23289
5.23289
5.23289
5.23289
5.23289
5.23289
5.23289
5.23289
5.23289
5.23289
5.23289
5.23289
5.23289
5.23289
5.23289
5.23289
5.23289
5.23289
5.23289
5.23289
5.23289
5.23289
5.23289
5.23289
5.23289
5.23289
5.23289
5.23289
5.23289
5.23289
5.23289
5.23289
5.23289
5.23289
5.23289
5.23289
5.23289
5.23289
5.23289
5.23289
5.23289
5.23289
5.23289
5.23289
5.23289
5.23289
5.23289
5.23289
5.23289
5.23289
5.23289
5.23289
5.23289
5.23289
5.23289
5.23289
5.23289
5.23289
5.23289
5.23289
5.23289
5.23289
5.23289
5.23289
5.23289
5.23289
5.23289
5.23289
5.23289
5.23289
5.23289
5.23289
5.23289
5.23289
5.23289
5.23289
5.23289
5.23289
5.23289
5.23289
5.23289
5.23289
5.23289
5.23289
5.23289
5.23289
5.23289
5.23289
5.23289
5.23289
5.23289
5.23289
5.23289
5.23289
5.23289
5.23289
5.23289
5.23289
5.23289
5.23289
5.23289
5.23289
5.23289
5.23289
5.23289
5.23289
5.23289
5.23289
5.23289
5.23289
5.23289
5.23289
5.23289
5.23289
5.23289
5.23289
5.23289
5.23289
5.23289
5.23289
5.23289
5.23289
5.23289
5.23289
5.23289
5.23289
5.23289
5.23289
5.23289
5.23289
5.23289
5.23289
5.23289
5.23289
5.23289
5.23289
5.23289
5.23289
5.23289
5.23289
5.23289
5.23289
5.23289
5.23289
5.23289
5.23289
5.23289
5.23289
5.23289
5.23289
5.23289
5.23289
5.23289
5.23289
5.23289
5.23289
5.23289
5.23289
5.23289
5.23289
5.23289
5.23289
5.23289
5.23289
5.23289
5.23289
5.23289
5.23289
5.23289
5.23289
5.23289
5.23289
5.23289
5.23289
5.23289
5.23289
5.23289
5.23289
5.23289
5.23289
5.23289
5.23289
5.23289
5.23289
5.23289
5.23289
5.23289
5.23289
5.23289
5.23289
5.23289
5.23289
5.23289
5.23289
5.23289
5.23289
5.23289
5.23289
5.23289
5.23289
5.23289
5.23289
5.23289
5.23289
5.23289
5.23289
5.23289
5.23289
5.23289
5.23289
5.23289
5.23289
5.23289
5.23289
5.23289
5.23289
5.23289
5.23289
5.23289
5.23289
5.23289
5.23289
5.23289
5.23289
5.23289
5.23289
5.23289
5.23289
5.23289
5.23289
5.23289
5.23289
5.23289
5.23289
5.23289
5.23289
5.23289
5.23289
5.23289
5.23289
5.23289
5.23289
5.23289
5.23289
5.23289
5.23289
5.23289
5.23289
5.23289
5.23289
5.23289
5.23289
5.23289
5.23289
5.23289
5.23289
5.23289
5.23289
5.23289
5.23289
5.23289
5.23289
5.23289
5.23289
5.23289
5.23289
5.23289
5.23289
5.23289
5.23289
5.23289
5.23289
5.23289
5.23289
5.23289
5.23289
5.23289
5.23289
5.23289
5.23289
5.23289
5.23289
5.23289
5.23289
5.23289
5.23289
5.23289
5.23289
5.23289
