0 17.7439 0.847614
1 16.5565 1.01048
2 15.4686 0.94867
3 14.4692 0.830129
4 13.4618 0.740576
5 12.6724 0.770868
6 11.8716 0.722167
7 11.1624 0.634314
8 10.4778 0.73221
9 9.83309 0.609321
10 9.16681 0.557298
11 8.78934 0.455806
12 8.52686 0.356744
13 8.33004 0.298219
14 8.19888 0.31161
15 8.02269 0.374551
16 7.81336 0.378564
17 7.59629 0.397175
18 7.33848 0.392814
19 7.13706 0.383396
20 6.83207 0.283117
21 6.64729 0.313371
22 6.43636 0.320937
23 6.17732 0.273467
24 6.01543 0.218671
25 6.00568 0.261912
26 5.93083 0.203645
27 5.91796 0.230733
28 5.88577 0.239716
29 5.76089 0.184518
30 5.66658 0.231378
31 5.60386 0.244251
32 5.52069 0.213317
33 5.48408 0.194455
34 5.48457 0.213684
35 5.4633 0.194274
36 5.46506 0.216549
37 5.41624 0.164952
38 5.4314 0.199314
39 5.51283 0.297287
40 5.50484 0.297077
41 5.48545 0.270172
42 5.48157 0.272947
43 5.46224 0.2555
44 5.45759 0.253524
45 5.41095 0.196522
46 5.44026 0.242601
47 5.4208 0.214941
48 5.43802 0.23735
49 5.4747 0.272894
50 5.61295 0.379688
51 5.68567 0.428855
52 5.65901 0.420172
53 5.52059 0.353208
54 5.44326 0.318096
55 5.41607 0.28889
56 5.3453 0.209365
57 5.32726 0.182197
58 5.31431 0.156347
59 5.35684 0.21552
60 5.34998 0.218263
61 5.3215 0.19035
62 5.30664 0.171207
63 5.32224 0.188712
64 5.36025 0.23521
65 5.30953 0.168304
66 5.32875 0.208638
67 5.32207 0.204508
68 5.31576 0.188859
69 5.318 0.184365
70 5.34387 0.230117
71 5.3132 0.187231
72 5.33471 0.206635
73 5.35917 0.239219
74 5.32381 0.188995
75 5.31438 0.176638
76 5.32161 0.192667
77 5.31194 0.182302
78 5.32471 0.198602
79 5.29601 0.152806
80 5.34926 0.233342
81 5.3301 0.204653
82 5.34951 0.233837
83 5.32886 0.203366
84 5.36114 0.248453
85 5.29711 0.158288
86 5.30046 0.161258
87 5.30387 0.160113
88 5.31202 0.176602
89 5.31994 0.193232
90 5.30279 0.162683
91 5.35284 0.229107
92 5.35977 0.240208
93 5.33553 0.212927
94 5.33626 0.213383
95 5.35118 0.233374
96 5.32846 0.205717
97 5.36378 0.25111
98 5.37276 0.257067
99 5.36942 0.251608
100 5.34622 0.222136
101 5.32899 0.204408
102 5.31954 0.192021
103 5.32027 0.193991
104 5.32045 0.197407
105 5.32289 0.198157
106 5.29956 0.167184
107 5.32444 0.197887
108 5.28031 0.125696
109 5.32267 0.201307
110 5.34288 0.22789
111 5.3237 0.203727
112 5.38889 0.286048
113 5.39342 0.285582
114 5.38505 0.270762
115 5.33541 0.220925
116 5.31194 0.17402
117 5.38046 0.279431
118 5.37438 0.27151
119 5.34641 0.227784
120 5.32616 0.203153
121 5.36886 0.256571
122 5.36777 0.25017
123 5.34604 0.229675
124 5.37624 0.26517
125 5.32762 0.20744
126 5.29789 0.15358
127 5.31298 0.18096
128 5.31047 0.178174
129 5.31527 0.184167
130 5.32363 0.194343
131 5.30425 0.166511
132 5.32176 0.190981
133 5.3163 0.19399
134 5.34772 0.235963
135 5.31491 0.188378
136 5.32818 0.20319
137 5.34604 0.238654
138 5.34369 0.237017
139 5.37542 0.261017
140 5.31979 0.19446
141 5.31068 0.175995
142 5.33281 0.208902
143 5.34869 0.233166
144 5.28445 0.135646
145 5.31815 0.1896
146 5.31183 0.177383
147 5.33015 0.210846
148 5.34775 0.239878
149 5.38055 0.264434
150 5.36624 0.247932
151 5.36425 0.241626
152 5.35465 0.237077
153 5.35051 0.231222
154 5.3614 0.248663
155 5.3431 0.230604
156 5.32994 0.205591
157 5.31127 0.178191
158 5.27772 0.125284
159 5.3134 0.181034
160 5.31274 0.174468
161 5.318 0.177113
162 5.34269 0.211615
163 5.28987 0.142186
164 5.3212 0.197968
165 5.34015 0.222452
166 5.32115 0.198938
167 5.32581 0.201566
168 5.31629 0.185243
169 5.32585 0.205646
170 5.32911 0.205526
171 5.33907 0.215123
172 5.34402 0.217911
173 5.37659 0.257325
174 5.36972 0.256044
175 5.35673 0.244581
176 5.33076 0.202896
177 5.31918 0.182803
178 5.30114 0.154944
179 5.31915 0.185782
180 5.34787 0.222546
181 5.32807 0.200514
182 5.29156 0.147782
183 5.30948 0.174419
184 5.30179 0.164741
185 5.29717 0.153905
186 5.31602 0.187158
187 5.33422 0.210405
188 5.31082 0.17266
189 5.30243 0.17163
190 5.3256 0.203429
191 5.3205 0.192492
192 5.32951 0.202709
193 5.31283 0.17113
194 5.33051 0.205565
195 5.32958 0.209739
196 5.34346 0.22951
197 5.30753 0.181963
198 5.35032 0.239928
199 5.31263 0.186731
200 5.29778 0.160701
201 5.3317 0.206783
202 5.33797 0.215892
203 5.29544 0.154537
204 5.31124 0.178297
205 5.37909 0.250727
206 5.38059 0.267928
207 5.30752 0.182714
208 5.35575 0.244795
209 5.32468 0.209251
210 5.34095 0.226924
211 5.30619 0.170944
212 5.2746 0.116285
213 5.29504 0.156149
214 5.30285 0.167206
215 5.34663 0.228766
216 5.36282 0.248527
217 5.37143 0.267637
218 5.32872 0.205073
219 5.31125 0.172855
220 5.34008 0.218026
221 5.32022 0.190468
222 5.31805 0.1903
223 5.30341 0.163237
224 5.34139 0.221264
225 5.3519 0.232599
226 5.3503 0.235767
227 5.36409 0.245624
228 5.35056 0.2302
229 5.31996 0.181401
230 5.32054 0.184403
231 5.32777 0.200079
232 5.35727 0.245425
233 5.3547 0.241857
234 5.34572 0.225515
235 5.37304 0.276452
236 5.33511 0.218595
237 5.35217 0.224021
238 5.3133 0.171481
239 5.31066 0.168667
240 5.31914 0.193089
241 5.32603 0.214966
242 5.29218 0.147024
243 5.29054 0.143082
244 5.31461 0.175638
245 5.30886 0.17306
246 5.32805 0.19737
247 5.32144 0.186687
248 5.33571 0.220246
249 5.36345 0.255718
250 5.3686 0.250527
251 5.39611 0.276612
252 5.3526 0.221841
253 5.31365 0.171097
254 5.30043 0.157035
255 5.28355 0.132846
256 5.30079 0.161062
257 5.33167 0.20248
258 5.31344 0.183786
259 5.32273 0.190499
260 5.29396 0.147416
261 5.28457 0.130188
262 5.31215 0.17995
263 5.32576 0.199512
264 5.34826 0.22702
265 5.34301 0.223257
266 5.35167 0.226676
267 5.33746 0.208846
268 5.34826 0.234841
269 5.33956 0.212008
270 5.36327 0.239314
271 5.33888 0.228085
272 5.32224 0.193555
273 5.31222 0.178662
274 5.33422 0.222141
275 5.37734 0.266069
276 5.33394 0.211613
277 5.30332 0.165589
278 5.30573 0.175247
279 5.31507 0.186957
280 5.31516 0.188876
281 5.30148 0.157089
282 5.29239 0.152669
283 5.32068 0.187682
284 5.32237 0.189915
285 5.3535 0.233308
286 5.34843 0.232563
287 5.33391 0.204394
288 5.31864 0.18812
289 5.32928 0.202372
290 5.3277 0.19585
291 5.30593 0.166842
292 5.29178 0.144725
293 5.31507 0.178493
294 5.30387 0.168855
295 5.31574 0.183931
296 5.32445 0.201215
297 5.34827 0.241289
298 5.34108 0.226637
299 5.35855 0.248201
300 5.34976 0.23134
301 5.3315 0.211177
302 5.29793 0.160036
303 5.31621 0.183492
304 5.30558 0.167967
305 5.35739 0.239876
306 5.35784 0.234171
307 5.3007 0.154675
308 5.31148 0.170691
309 5.30757 0.16892
310 5.30332 0.167823
311 5.32962 0.204123
312 5.27909 0.127225
313 5.2988 0.15471
314 5.28693 0.138765
315 5.29329 0.154186
316 5.31004 0.183694
317 5.34551 0.232791
318 5.30945 0.174316
319 5.33226 0.203668
320 5.3133 0.17546
321 5.33779 0.211444
322 5.35095 0.231256
323 5.31546 0.175596
324 5.32042 0.188352
325 5.31134 0.177219
326 5.35085 0.239022
327 5.40353 0.295461
328 5.35075 0.235013
329 5.32443 0.19524
330 5.30367 0.163836
331 5.26697 0.0962874
332 5.28676 0.131678
333 5.28991 0.139666
334 5.27295 0.107464
335 5.28212 0.128416
336 5.29001 0.138397
337 5.28937 0.147569
338 5.28351 0.133515
339 5.29667 0.158092
340 5.29887 0.159702
341 5.26556 0.0954916
342 5.2786 0.129476
343 5.27956 0.125433
344 5.29493 0.14972
345 5.34935 0.233814
346 5.34274 0.223211
347 5.33762 0.21342
348 5.30065 0.162252
349 5.31869 0.185224
350 5.31331 0.177597
351 5.33666 0.223063
352 5.37231 0.251779
353 5.32138 0.194152
354 5.33315 0.20903
355 5.29767 0.159173
356 5.30839 0.171472
357 5.32737 0.189221
358 5.33819 0.208908
359 5.31357 0.18387
360 5.3288 0.211023
361 5.342 0.218606
362 5.30663 0.167315
363 5.30636 0.164352
364 5.32804 0.191662
365 5.36791 0.253505
366 5.31905 0.193829
367 5.2861 0.14737
368 5.32249 0.201015
369 5.32386 0.197063
370 5.33567 0.208574
371 5.36264 0.243061
372 5.37719 0.267012
373 5.36792 0.26014
374 5.34306 0.218606
375 5.32776 0.197786
376 5.30194 0.172762
377 5.30721 0.173888
378 5.33621 0.216363
379 5.36394 0.246011
380 5.34353 0.221507
381 5.37988 0.255174
382 5.38945 0.273095
383 5.35071 0.229392
384 5.33915 0.215675
385 5.33549 0.209436
386 5.30882 0.166495
387 5.29779 0.15583
388 5.3218 0.196248
389 5.37122 0.263269
390 5.3655 0.262509
391 5.34484 0.22628
392 5.36392 0.246379
393 5.36368 0.252507
394 5.34634 0.225845
395 5.29129 0.13988
396 5.31944 0.188654
397 5.28396 0.135339
398 5.3147 0.176806
399 5.32421 0.189532
400 5.36113 0.253609
401 5.36078 0.253995
402 5.38264 0.274151
403 5.37489 0.267246
404 5.31833 0.188716
405 5.3436 0.224857
406 5.3309 0.204261
407 5.36327 0.24246
408 5.30869 0.173683
409 5.29967 0.157956
410 5.3064 0.173494
411 5.31483 0.17945
412 5.32785 0.191261
413 5.31342 0.169025
414 5.32681 0.200211
415 5.31049 0.179921
416 5.30967 0.17005
417 5.32648 0.212835
418 5.33885 0.221629
419 5.34407 0.221932
420 5.37207 0.265229
421 5.33855 0.214689
422 5.29353 0.15136
423 5.32328 0.204622
424 5.35327 0.235864
425 5.35431 0.246276
426 5.33525 0.209699
427 5.32313 0.19941
428 5.34082 0.223367
429 5.36345 0.250208
430 5.35005 0.226611
431 5.28382 0.136631
432 5.29737 0.148717
433 5.33244 0.206748
434 5.33284 0.207681
435 5.35724 0.228984
436 5.32697 0.202211
437 5.31817 0.192262
438 5.31539 0.185853
439 5.29071 0.141707
440 5.31487 0.185097
441 5.33051 0.19326
442 5.36091 0.244437
443 5.35596 0.246695
444 5.32393 0.209724
445 5.32449 0.210131
446 5.30908 0.18594
447 5.33426 0.222546
448 5.3211 0.197046
449 5.31761 0.196511
450 5.29694 0.161133
451 5.32237 0.201594
452 5.30202 0.164664
453 5.30405 0.160326
454 5.28703 0.131236
455 5.30776 0.169235
456 5.28817 0.138163
457 5.29766 0.152917
458 5.31997 0.188059
459 5.33181 0.215445
460 5.30788 0.173281
461 5.29653 0.152007
462 5.32739 0.19214
463 5.31263 0.174836
464 5.28731 0.139251
465 5.29107 0.146211
466 5.28744 0.137177
467 5.28702 0.135404
468 5.30883 0.179122
469 5.32736 0.200434
470 5.3402 0.208816
471 5.37797 0.264977
472 5.37711 0.264095
473 5.33662 0.212687
474 5.32769 0.213645
475 5.33874 0.232426
476 5.36423 0.251459
477 5.34722 0.23136
478 5.33472 0.213074
479 5.29027 0.135131
480 5.35372 0.226578
481 5.34624 0.223907
482 5.37349 0.26003
483 5.35816 0.251161
484 5.31912 0.193993
485 5.30262 0.157699
486 5.29639 0.153089
487 5.30637 0.168965
488 5.30543 0.17368
489 5.32866 0.197548
490 5.35977 0.24712
491 5.35706 0.239729
492 5.34336 0.224644
493 5.35856 0.240775
494 5.34334 0.223503
495 5.34877 0.230665
496 5.30488 0.171387
497 5.28208 0.130187
498 5.31115 0.189546
499 5.30321 0.163622
500 5.32932 0.212754
501 5.27601 0.123655
502 5.30741 0.175545
503 5.29536 0.157558
504 5.33159 0.207854
505 5.34342 0.226101
506 5.29922 0.166016
507 5.31235 0.188684
508 5.29926 0.164752
509 5.27862 0.128448
510 5.31832 0.193282
511 5.31702 0.180907
512 5.32333 0.188352
513 5.33508 0.209435
514 5.31838 0.186387
515 5.31854 0.184031
516 5.3069 0.164018
517 5.3099 0.174264
518 5.31278 0.181165
519 5.26402 0.0906718
520 5.28798 0.145519
521 5.29436 0.154819
522 5.28647 0.13844
523 5.32742 0.201528
524 5.35933 0.252821
525 5.31136 0.187979
526 5.30386 0.172934
527 5.33688 0.209171
528 5.32028 0.190532
529 5.32347 0.201093
530 5.3353 0.21904
531 5.36881 0.254393
532 5.33962 0.223689
533 5.37327 0.259819
534 5.32638 0.203091
535 5.35367 0.24158
536 5.34279 0.225225
537 5.32204 0.191982
538 5.31132 0.168786
539 5.29993 0.150785
540 5.29834 0.149674
541 5.30521 0.165521
542 5.33844 0.218288
543 5.3567 0.242131
544 5.33007 0.209399
545 5.30347 0.170212
546 5.31945 0.193111
547 5.3461 0.234665
548 5.3415 0.218597
549 5.36713 0.249931
550 5.3736 0.250767
551 5.34769 0.231289
552 5.31588 0.185718
553 5.33418 0.219026
554 5.34491 0.225492
555 5.31174 0.172183
556 5.30801 0.165981
557 5.33249 0.201698
558 5.34294 0.231244
559 5.32936 0.208514
560 5.30737 0.170832
561 5.32057 0.189773
562 5.32833 0.206548
563 5.32389 0.199427
564 5.3302 0.200788
565 5.33369 0.208542
566 5.30278 0.168044
567 5.35256 0.235025
568 5.39667 0.280506
569 5.34616 0.22766
570 5.30231 0.171725
571 5.31008 0.182908
572 5.34223 0.220202
573 5.353 0.230052
574 5.3185 0.189758
575 5.31327 0.185615
576 5.30755 0.179202
577 5.35115 0.251614
578 5.32852 0.213952
579 5.29624 0.158811
580 5.278 0.121887
581 5.28418 0.1319
582 5.2901 0.142904
583 5.31223 0.182096
584 5.30799 0.17992
585 5.30133 0.16837
586 5.3032 0.167275
587 5.36383 0.251412
588 5.39027 0.285079
589 5.33868 0.210946
590 5.34275 0.224486
591 5.3549 0.245925
592 5.34412 0.225444
593 5.32147 0.193724
594 5.33635 0.211369
595 5.32362 0.197819
596 5.32915 0.210449
597 5.36257 0.253193
598 5.30653 0.165891
599 5.31845 0.183656
600 5.32592 0.200412
601 5.31215 0.179348
602 5.37083 0.259961
603 5.36594 0.254282
604 5.33385 0.216889
605 5.32 0.189898
606 5.31924 0.187432
607 5.32463 0.206154
608 5.28043 0.130993
609 5.29937 0.161532
610 5.29439 0.154753
611 5.30838 0.168308
612 5.29169 0.139538
613 5.29925 0.15753
614 5.33615 0.217596
615 5.31254 0.181888
616 5.32529 0.199122
617 5.32877 0.198049
618 5.36751 0.254604
619 5.33276 0.202842
620 5.34636 0.229634
621 5.29387 0.150307
622 5.31862 0.195605
623 5.30801 0.176465
624 5.3139 0.180626
625 5.31454 0.182783
626 5.33403 0.214495
627 5.33303 0.214938
628 5.31687 0.191376
629 5.30916 0.181105
630 5.3386 0.215668
631 5.32529 0.200204
632 5.2767 0.124586
633 5.30582 0.172069
634 5.29971 0.159816
635 5.3356 0.208144
636 5.32592 0.195935
637 5.31105 0.174065
638 5.30702 0.173414
639 5.32729 0.195101
640 5.36627 0.248539
641 5.31485 0.180292
642 5.29374 0.145952
643 5.33908 0.208078
644 5.29061 0.140086
645 5.30212 0.16506
646 5.32697 0.208957
647 5.33467 0.209729
648 5.3127 0.196984
649 5.34813 0.237746
650 5.34835 0.245586
651 5.35444 0.234145
652 5.35568 0.248068
653 5.37161 0.259142
654 5.30404 0.17373
655 5.30717 0.178552
656 5.32595 0.209355
657 5.32153 0.206547
658 5.33904 0.228308
659 5.29915 0.158229
660 5.30529 0.164451
661 5.29587 0.149575
662 5.30171 0.154151
663 5.32643 0.194741
664 5.30126 0.156664
665 5.35344 0.235848
666 5.3503 0.225951
667 5.32694 0.201265
668 5.33804 0.224466
669 5.32216 0.201011
670 5.32769 0.204628
671 5.31798 0.185086
672 5.30675 0.173698
673 5.31976 0.191226
674 5.31464 0.185915
675 5.30385 0.175506
676 5.33271 0.2133
677 5.29296 0.151011
678 5.30045 0.154621
679 5.30185 0.15507
680 5.31049 0.175816
681 5.28744 0.135429
682 5.27784 0.119933
683 5.3046 0.173238
684 5.29367 0.145766
685 5.3288 0.214688
686 5.35091 0.248595
687 5.30029 0.167148
688 5.26679 0.105204
689 5.33965 0.226621
690 5.36204 0.248068
691 5.34157 0.229309
692 5.35214 0.249105
693 5.32573 0.21008
694 5.33701 0.225214
695 5.32004 0.195766
696 5.27276 0.111825
697 5.2791 0.120092
698 5.30811 0.164018
699 5.32519 0.197561
700 5.31505 0.183026
701 5.31274 0.179847
702 5.32773 0.203397
703 5.31487 0.181056
704 5.31631 0.178071
705 5.30912 0.168422
706 5.32299 0.188927
707 5.3271 0.201024
708 5.33032 0.201776
709 5.36158 0.241826
710 5.32508 0.199578
711 5.32047 0.193982
712 5.3173 0.18458
713 5.29551 0.151646
714 5.31286 0.179021
715 5.32343 0.200141
716 5.36169 0.262584
717 5.35216 0.234891
718 5.34459 0.220664
719 5.36559 0.250446
720 5.32603 0.193915
721 5.30352 0.167578
722 5.3314 0.204961
723 5.33832 0.221357
724 5.33331 0.216274
725 5.31425 0.188182
726 5.33728 0.217232
727 5.31837 0.187511
728 5.33134 0.206961
729 5.31711 0.198319
730 5.30591 0.173347
731 5.33923 0.228114
732 5.32433 0.199255
733 5.33131 0.218596
734 5.32478 0.202044
735 5.35168 0.241665
736 5.38549 0.283098
737 5.36816 0.266728
738 5.36056 0.249642
739 5.31722 0.192864
740 5.33144 0.21021
741 5.28475 0.131168
742 5.29437 0.141929
743 5.34371 0.221755
744 5.34316 0.225926
745 5.28124 0.128479
746 5.30649 0.175353
747 5.31349 0.18334
748 5.29655 0.157063
749 5.31269 0.186266
750 5.32167 0.195192
751 5.29342 0.152007
752 5.27158 0.108271
753 5.27411 0.11138
754 5.28824 0.145944
755 5.29661 0.158502
756 5.32529 0.216112
757 5.31705 0.18759
758 5.33434 0.212619
759 5.32626 0.199861
760 5.31823 0.187974
761 5.30928 0.180434
762 5.29543 0.148629
763 5.32829 0.191765
764 5.3283 0.18816
765 5.35252 0.230503
766 5.31602 0.172597
767 5.28729 0.139876
768 5.32186 0.198371
769 5.32175 0.204287
770 5.36575 0.258229
771 5.36561 0.265414
772 5.33013 0.217804
773 5.32992 0.211001
774 5.32295 0.196127
775 5.34356 0.231523
776 5.33741 0.210905
777 5.32245 0.195384
778 5.31868 0.183364
779 5.30388 0.1604
780 5.31166 0.170699
781 5.34526 0.223225
782 5.31393 0.178284
783 5.30291 0.161797
784 5.3653 0.251708
785 5.31004 0.182032
786 5.31368 0.184642
787 5.30133 0.160147
788 5.31606 0.180863
789 5.32827 0.196208
790 5.30991 0.171813
791 5.32266 0.185533
792 5.32872 0.199046
793 5.29945 0.156929
794 5.32046 0.198491
795 5.30763 0.16933
796 5.3324 0.203962
797 5.31064 0.176413
798 5.29862 0.151761
799 5.28557 0.131353
800 5.31822 0.183551
801 5.33099 0.203822
802 5.29226 0.144679
803 5.32131 0.192714
804 5.33953 0.2131
805 5.32718 0.198478
806 5.31414 0.179385
807 5.34533 0.217231
808 5.31985 0.186139
809 5.32127 0.185587
810 5.32312 0.19452
811 5.31442 0.184673
812 5.34813 0.229199
813 5.30679 0.174748
814 5.29577 0.155036
815 5.3149 0.176691
816 5.27765 0.125261
817 5.25552 0.0753373
818 5.25974 0.0876374
819 5.30826 0.166561
820 5.32628 0.19928
821 5.32131 0.199072
822 5.33032 0.210218
823 5.31455 0.183111
824 5.29285 0.153552
825 5.30319 0.169891
826 5.34815 0.230545
827 5.33135 0.210669
828 5.32151 0.208994
829 5.33237 0.214508
830 5.2935 0.153457
831 5.27533 0.115846
832 5.34617 0.236783
833 5.31489 0.188066
834 5.29767 0.163896
835 5.29002 0.141823
836 5.31747 0.185355
837 5.29299 0.147535
838 5.29764 0.160413
839 5.3029 0.166492
840 5.29427 0.150281
841 5.28436 0.134437
842 5.31563 0.183794
843 5.33664 0.219681
844 5.33634 0.214109
845 5.32063 0.191241
846 5.28448 0.134033
847 5.32523 0.194203
848 5.28064 0.126597
849 5.28156 0.12993
850 5.30356 0.171285
851 5.27296 0.112924
852 5.31152 0.17427
853 5.34174 0.213976
854 5.33034 0.200086
855 5.344 0.215687
856 5.33545 0.207478
857 5.3383 0.207277
858 5.29729 0.148162
859 5.31029 0.175554
860 5.34222 0.228592
861 5.36548 0.252492
862 5.36293 0.247535
863 5.34192 0.220199
864 5.36926 0.262015
865 5.35322 0.239688
866 5.35043 0.234405
867 5.34575 0.234874
868 5.33074 0.217186
869 5.36082 0.249571
870 5.33164 0.207263
871 5.33838 0.215092
872 5.3445 0.227642
873 5.29663 0.156003
874 5.28732 0.139509
875 5.29472 0.148879
876 5.29584 0.146911
877 5.30493 0.167565
878 5.34537 0.22688
879 5.32844 0.19731
880 5.37018 0.257877
881 5.33684 0.211593
882 5.34102 0.222048
883 5.30768 0.175811
884 5.32897 0.200445
885 5.31209 0.176411
886 5.37679 0.256427
887 5.35336 0.233234
888 5.35177 0.226639
889 5.33105 0.200688
890 5.32521 0.19209
891 5.3176 0.185
892 5.33192 0.208038
893 5.32083 0.187629
894 5.36893 0.264885
895 5.31182 0.180421
896 5.32046 0.183048
897 5.29538 0.151237
898 5.31796 0.192666
899 5.34086 0.214873
900 5.34131 0.217938
901 5.37246 0.260572
902 5.31142 0.174916
903 5.31208 0.183184
904 5.32889 0.206286
905 5.31016 0.17746
906 5.30998 0.179245
907 5.30473 0.172365
908 5.34459 0.224849
909 5.27918 0.131526
910 5.31523 0.188868
911 5.31621 0.183965
912 5.30662 0.170354
913 5.30444 0.171829
914 5.32553 0.199405
915 5.32779 0.201928
916 5.28656 0.143857
917 5.32056 0.194736
918 5.31515 0.193988
919 5.30467 0.174007
920 5.30477 0.172854
921 5.33074 0.204708
922 5.3681 0.259408
923 5.336 0.214497
924 5.33515 0.212287
925 5.31076 0.17161
926 5.29348 0.142632
927 5.3365 0.210431
928 5.34575 0.22768
929 5.36331 0.254177
930 5.32258 0.194408
931 5.29932 0.160385
932 5.29863 0.152896
933 5.30642 0.164663
934 5.32896 0.20001
935 5.33921 0.214283
936 5.32821 0.206968
937 5.34116 0.228226
938 5.31613 0.185801
939 5.34686 0.236204
940 5.40034 0.293137
941 5.36496 0.252808
942 5.34159 0.233306
943 5.33383 0.223415
944 5.29926 0.163648
945 5.31709 0.191582
946 5.34179 0.213169
947 5.33841 0.214969
948 5.32049 0.187221
949 5.33033 0.206839
950 5.2838 0.133313
951 5.30559 0.169694
952 5.32055 0.189876
953 5.36528 0.240387
954 5.39083 0.271105
955 5.36076 0.249182
956 5.33076 0.217833
957 5.32804 0.220953
958 5.36474 0.26643
959 5.32977 0.218605
960 5.31593 0.190428
961 5.32942 0.204959
962 5.32557 0.206584
963 5.32316 0.204964
964 5.3474 0.233772
965 5.32479 0.200786
966 5.32808 0.20185
967 5.33839 0.211167
968 5.30257 0.167637
969 5.31703 0.192934
970 5.32541 0.21235
971 5.31917 0.190325
972 5.31064 0.173214
973 5.32517 0.198059
974 5.34568 0.224839
975 5.34722 0.211881
976 5.30774 0.16289
977 5.32207 0.194611
978 5.29245 0.148929
979 5.29557 0.157521
980 5.32972 0.211321
981 5.32881 0.217858
982 5.34555 0.239317
983 5.32064 0.199721
984 5.32768 0.201131
985 5.34342 0.219397
986 5.34369 0.217019
987 5.40289 0.300737
988 5.34877 0.231464
989 5.33923 0.218537
990 5.33752 0.213637
991 5.34712 0.228797
992 5.34731 0.215533
993 5.31736 0.175145
994 5.34172 0.207944
995 5.32688 0.186316
996 5.32555 0.189971
997 5.32618 0.196409
998 5.32925 0.202955
999 5.30801 0.171236
