-0.489138   0.484923   -0.485568
-0.326741   -0.325124   0.49599
-0.493992   -0.342283   -0.324337
-0.314192   0.490284   -0.309354
-0.168784   -0.494817   -0.496752
-0.00856695   -0.325141   0.474512
-0.171166   -0.335542   -0.341745
-0.0320996   0.48657   -0.324938
0.14711   -0.49994   -0.489619
0.349685   -0.359545   -0.489573
0.135317   -0.337434   -0.334973
0.32989   0.472257   -0.340846
0.497218   -0.171189   0.492567
-0.324108   0.00610661   0.496202
0.487281   0.000735193   -0.328536
-0.335285   -0.161743   -0.348292
-0.135301   -0.1629   0.486256
0.00621384   0.00584656   -0.494256
-0.141692   -0.0131201   -0.329809
0.00198725   -0.159191   -0.333791
0.153743   -0.158792   0.497525
0.34   -0.0034939   -0.496432
0.177382   -0.0033469   -0.32593
0.330582   -0.177944   -0.352867
-0.48649   0.16274   -0.487606
-0.328448   0.33455   0.4992
-0.49435   0.322765   -0.333425
-0.333442   0.168395   -0.334386
-0.162581   0.162284   -0.49587
-0.00668669   0.33132   -0.490215
-0.171655   0.305027   -0.33118
-0.00145498   0.167441   -0.338578
0.174428   0.160076   -0.492871
0.337382   0.30677   -0.488132
0.174641   0.324725   -0.323883
0.352003   0.15694   -0.31445
0.485408   0.497084   -0.180013
-0.333434   -0.324885   -0.163676
0.49379   -0.339072   -0.0126687
-0.356207   0.4832   0.00221723
-0.170803   0.495984   -0.139853
-0.01935   -0.336082   -0.17874
-0.176643   -0.327866   0.0240038
-0.00491701   -0.494057   9.05627e-05
0.151497   -0.483894   -0.166578
0.319588   -0.332994   -0.183734
0.18294   -0.332877   0.012773
0.341978   -0.491481   -0.00994277
0.497582   -0.165372   -0.160601
-0.346529   0.0081515   -0.181287
0.496747   0.00738553   0.00166058
-0.314967   -0.163184   -0.0169793
-0.169607   -0.174298   -0.164525
-0.0103399   0.000264077   -0.154505
-0.17119   -0.000779889   -0.0115919
0.0250837   -0.17151   -0.00714001
0.171383   -0.174336   -0.166954
0.322101   -0.00920466   -0.160161
0.156444   0.0190926   0.0170924
0.330719   -0.177424   -0.00886786
-0.495431   0.172586   -0.16586
-0.329291   0.315868   -0.163364
0.491841   0.309675   0.000383748
-0.335686   0.162305   -0.00405142
-0.179334   0.154254   -0.168354
-0.00120172   0.333242   -0.168909
-0.184536   0.322085   0.00204431
-0.00603623   0.167935   -0.000784768
0.176442   0.167103   -0.176075
0.327382   0.324007   -0.16686
0.173474   0.333954   -0.0231203
0.343613   0.155361   -0.00723155
0.470759   -0.482849   0.164493
-0.35595   -0.348099   0.154717
-0.476761   -0.324471   0.328836
-0.329455   -0.499264   0.33987
-0.153135   0.483851   0.174002
0.00291873   -0.310732   0.164735
-0.172595   -0.31053   0.331425
-0.00528449   0.490787   0.330428
0.178689   -0.497868   0.168286
0.328154   -0.328545   0.177285
0.149088   -0.34377   0.332814
0.351318   0.495539   0.346909
-0.496723   -0.161823   0.157338
-0.350437   -0.00683847   0.183535
0.484777   0.0154861   0.345771
-0.329459   -0.164016   0.349022
-0.15967   -0.145344   0.149835
0.0109483   0.026832   0.177798
-0.158209   0.011166   0.327203
0.0136375   -0.139048   0.328844
0.169773   -0.154077   0.151677
0.326439   0.000382449   0.171144
0.170874   0.0165428   0.335968
0.335932   -0.167964   0.334478
-0.487486   0.16221   0.157517
-0.338537   0.365651   0.175382
-0.498897   0.33187   0.302341
-0.329671   0.168957   0.337123
-0.17856   0.177669   0.171123
0.00563891   0.323235   0.159053
-0.164176   0.328192   0.335424
0.00662937   0.189601   0.339966
0.181046   0.180361   0.160651
0.341366   0.33034   0.163047
0.178116   0.354183   0.325712
0.327735   0.183581   0.334606
