-0.290345   1.83919   -0.26619
0.352342   -0.257332   -0.304099
-0.786162   -0.00962228   -1.13422
1.12758   0.176071   -1.08946
0.798519   0.461113   -1.3631
0.423618   -1.30293   0.415622
0.00947042   0.365878   0.868166
-0.776543   0.463829   -0.439176
0.221331   -0.0107234   0.981728
-1.72414   -1.13001   0.0688919
-0.507653   -1.65351   -0.213972
-0.543561   -0.337348   0.130926
0.14918   1.07423   0.515327
-0.408967   1.08344   -0.922046
0.231164   0.0224503   -0.863346
-0.0420238   -1.18422   0.365534
-1.1393   -1.48583   -0.552483
-0.568311   1.20966   0.119693
-0.115537   1.2828   0.873705
-1.04574   -0.129977   -0.130925
-1.01982   -1.30917   -0.498887
1.06451   -0.0159536   -0.757753
1.88794   0.458605   -0.618232
-0.82985   0.337902   -0.987062
-0.501843   0.423149   -1.32746
0.500456   0.286624   -0.244291
-0.796665   -0.312049   -0.157104
-0.378781   0.05199   -1.74025
-2.19998   1.26966   -0.573057
-0.114717   -1.51956   -0.502061
0.854167   -0.170205   -0.701455
-0.532439   -0.161198   -0.344353
0.177676   1.26318   -1.41597
-0.46248   -0.538652   0.594695
-1.93196   1.04299   0.722815
-0.64718   0.55913   0.306479
1.02019   -1.26933   -1.92903
-1.02151   0.230326   0.0275956
-1.78218   -0.0646881   0.585805
1.52713   0.117029   -0.539052
-0.488077   0.0816292   -0.00725918
1.23937   0.304315   -1.11744
-0.478905   0.568033   0.775239
-1.39851   -2.19116   1.37294
1.10697   -0.609047   0.877845
-0.296533   2.67156   0.0899669
1.9605   0.705156   1.15911
0.968574   1.02781   0.919171
0.00885721   -1.27999   -0.979102
-0.811708   1.1805   1.14555
0.000664845   1.52024   -1.38207
1.06659   0.80796   0.460332
-0.481102   -0.901645   1.3483
-0.939565   0.38046   0.606417
1.69161   0.506906   1.64564
0.502929   -0.852502   -0.742603
0.149956   1.23518   -1.14428
0.831545   -1.06302   0.408157
1.09041   -0.0746251   -0.926716
0.384866   -1.24851   1.67412
-0.0961151   -0.63103   1.95001
0.926488   0.96731   0.803124
1.51466   -0.86541   -0.385242
0.190881   0.566086   0.419635
-0.446827   -0.760881   -0.406928
-1.07652   -0.177275   2.31375
-1.28981   -0.213623   -0.00895853
0.478835   -0.484445   1.276
0.154811   1.33393   1.39924
-0.40737   -1.21242   0.825574
-0.126864   -1.32261   0.601576
-0.264343   -0.289029   0.994958
-0.082693   -0.544018   -0.324668
0.969744   -0.450702   1.0323
-1.10581   -0.492861   0.859028
-0.166786   1.05458   -1.18357
0.318215   0.39009   -0.112783
1.64569   0.265205   0.758492
-0.382465   -0.346787   -1.1322
1.1246   -1.26149   -0.441257
-0.661527   -0.321947   -0.796652
1.0703   -0.545081   -0.610095
-1.38185   0.605927   0.379047
0.445084   -0.62356   -0.572363
0.461266   -2.09411   -0.970764
1.29374   0.229673   0.292166
-0.282018   0.241429   -1.40421
-0.967252   -0.269085   -0.205536
-1.61178   0.0421029   0.68248
-1.45559   -0.452416   0.53144
0.628731   0.498896   1.08954
-0.989393   -0.158822   -0.490604
0.0546249   0.257254   -0.244204
0.338219   0.107049   0.307646
-1.60639   0.971956   1.27817
0.406857   0.193353   -0.650135
1.35071   0.753868   0.356128
0.233124   0.273295   -0.574407
0.0833243   -0.569777   -1.72819
-0.0113889   1.00323   -0.18121
2.0169   -0.311177   -0.269552
-0.237997   -0.236155   1.06959
0.279055   -0.498623   -0.452131
0.697075   0.481324   0.988891
-0.639737   0.323681   0.270562
0.509741   -0.62803   0.808604
0.175607   0.360541   -0.194121
1.63621   0.914364   -1.09342
