100 1000
3.108 0
3.08633 0.0216693
3.11274 0.0292219
3.15814 0.0498829
3.14561 0.0406199
3.17515 0.0444091
3.15334 0.0434064
3.16575 0.0395841
3.16285 0.0350295
3.15737 0.0318078
3.16232 0.029194
3.16205 0.0266517
3.16796 0.0252181
3.16919 0.02338
3.16808 0.0217937
3.1601 0.0218916
3.15667 0.0208482
3.14889 0.0211404
3.15291 0.0203971
3.14729 0.020151
3.14277 0.0196916
3.145 0.0189072
3.14204 0.0183073
3.13959 0.0176992
3.13396 0.0178842
3.13905 0.0179215
3.1354 0.0176275
3.13813 0.0172041
3.14376 0.0175292
3.14471 0.0169611
3.14665 0.0165203
3.14765 0.0160269
3.15001 0.0157108
3.14989 0.0152421
3.15071 0.014823
3.15149 0.0144262
3.14964 0.0141522
3.14552 0.0143774
3.14688 0.0140695
3.14452 0.0139148
3.14169 0.0138632
3.14074 0.0135625
3.13998 0.0132652
3.14086 0.0129899
3.14199 0.0127484
3.14152 0.0124769
3.14135 0.0122098
3.14324 0.0121012
3.1445 0.0119187
3.14124 0.0121244
3.13755 0.0124448
3.14238 0.013124
3.14498 0.0131344
3.14672 0.0130056
3.14992 0.0131623
3.14895 0.0129616
3.14868 0.0127351
3.14691 0.0126371
3.14594 0.0124594
3.14594 0.01225
3.14421 0.012171
3.14196 0.0121824
3.14093 0.0120319
3.14131 0.0118486
3.14281 0.0117611
3.14758 0.0125229
3.14545 0.0125173
3.14623 0.0123565
3.1467 0.0121851
3.14425 0.0122556
3.1441 0.0120827
3.14404 0.0119139
3.14433 0.0117532
3.14167 0.0118953
3.14343 0.0118662
3.14099 0.011959
3.14098 0.0118026
3.14088 0.0116508
3.14186 0.0115443
3.14386 0.0115722
3.142 0.011579
3.14011 0.0115914
3.13995 0.011452
3.14026 0.011319
3.14033 0.0111852
3.13988 0.0110635
3.13944 0.0109444
3.1388 0.0108382
3.13783 0.0107596
3.13957 0.0107805
3.14036 0.0106909
3.14085 0.0105853
3.13945 0.010564
3.14008 0.0104699
3.13961 0.0103697
3.13968 0.0102613
3.14035 0.0101774
3.14243 0.0102861
3.14159 0.0102169
3.14119 0.010122
